2022-08-08 12:33:29,593 INFO notifyConnectTimeout:200

2022-08-08 12:33:29,596 INFO notifySocketTimeout:8000

2022-08-08 12:33:29,596 INFO isHealthCheck:true

2022-08-08 12:33:29,596 INFO maxHealthCheckFailCount:12

2022-08-08 12:33:29,596 INFO maxContent:10485760

2022-08-08 12:33:35,683 INFO use local db service for init

2022-08-08 12:33:36,592 WARN Lexical error at line 4, column 66.  Encountered: <EOF> after : "".

2022-08-08 12:33:36,596 WARN Syntax error: Encountered "*" at line 1, column 1.

2022-08-08 12:33:36,983 WARN Lexical error at line 4, column 13.  Encountered: "`" (96), after : "".

2022-08-08 12:33:36,984 WARN Lexical error at line 1, column 13.  Encountered: "`" (96), after : "".

2022-08-08 12:33:36,984 WARN Lexical error at line 1, column 13.  Encountered: "`" (96), after : "".

2022-08-08 12:33:36,984 WARN Lexical error at line 1, column 13.  Encountered: "`" (96), after : "".

2022-08-08 12:33:36,984 INFO use StandaloneDatabaseOperateImpl

2022-08-08 12:33:37,093 WARN DumpService start

2022-08-08 12:33:37,094 INFO start clear all config-info.

2022-08-08 12:33:37,095 WARN clear all config-info failed.

2022-08-08 12:33:37,095 WARN clear all config-info-tenant failed.

2022-08-08 12:33:37,152 INFO start clear all config-info-beta.

2022-08-08 12:33:37,153 WARN clear all config-info-beta failed.

2022-08-08 12:33:37,153 WARN clear all config-info-beta-tenant failed.

2022-08-08 12:33:37,164 INFO start clear all config-info-tag.

2022-08-08 12:33:37,164 WARN clear all config-info-tag failed.

2022-08-08 12:33:37,165 WARN clear all config-info-tag-tenant failed.

2022-08-08 12:34:27,195 INFO notifyConnectTimeout:200

2022-08-08 12:34:27,198 INFO notifySocketTimeout:8000

2022-08-08 12:34:27,198 INFO isHealthCheck:true

2022-08-08 12:34:27,198 INFO maxHealthCheckFailCount:12

2022-08-08 12:34:27,198 INFO maxContent:10485760

2022-08-08 12:34:33,422 INFO use local db service for init

2022-08-08 12:34:34,070 WARN Lexical error at line 4, column 66.  Encountered: <EOF> after : "".

2022-08-08 12:34:34,076 WARN Syntax error: Encountered "*" at line 1, column 1.

2022-08-08 12:34:34,131 WARN Table/View 'CONFIG_INFO' already exists in Schema 'NACOS'.

2022-08-08 12:34:34,180 WARN Table/View 'HIS_CONFIG_INFO' already exists in Schema 'NACOS'.

2022-08-08 12:34:34,207 WARN Table/View 'CONFIG_INFO_BETA' already exists in Schema 'NACOS'.

2022-08-08 12:34:34,220 WARN Table/View 'CONFIG_INFO_TAG' already exists in Schema 'NACOS'.

2022-08-08 12:34:34,231 WARN Table/View 'CONFIG_INFO_AGGR' already exists in Schema 'NACOS'.

2022-08-08 12:34:34,244 WARN Table/View 'APP_LIST' already exists in Schema 'NACOS'.

2022-08-08 12:34:34,257 WARN Table/View 'APP_CONFIGDATA_RELATION_SUBS' already exists in Schema 'NACOS'.

2022-08-08 12:34:34,268 WARN Table/View 'APP_CONFIGDATA_RELATION_PUBS' already exists in Schema 'NACOS'.

2022-08-08 12:34:34,278 WARN Table/View 'CONFIG_TAGS_RELATION' already exists in Schema 'NACOS'.

2022-08-08 12:34:34,292 WARN Table/View 'GROUP_CAPACITY' already exists in Schema 'NACOS'.

2022-08-08 12:34:34,303 WARN Table/View 'TENANT_CAPACITY' already exists in Schema 'NACOS'.

2022-08-08 12:34:34,312 WARN Table/View 'TENANT_INFO' already exists in Schema 'NACOS'.

2022-08-08 12:34:34,326 WARN Table/View 'USERS' already exists in Schema 'NACOS'.

2022-08-08 12:34:34,335 WARN Table/View 'ROLES' already exists in Schema 'NACOS'.

2022-08-08 12:34:34,344 WARN Table/View 'PERMISSIONS' already exists in Schema 'NACOS'.

2022-08-08 12:34:34,402 WARN The statement was aborted because it would have caused a duplicate key value in a unique or primary key constraint or unique index identified by 'SQL220808123336910' defined on 'USERS'.

2022-08-08 12:34:34,408 WARN The statement was aborted because it would have caused a duplicate key value in a unique or primary key constraint or unique index identified by 'UK_USERNAME_ROLE' defined on 'ROLES'.

2022-08-08 12:34:34,408 WARN Lexical error at line 4, column 13.  Encountered: "`" (96), after : "".

2022-08-08 12:34:34,409 WARN Lexical error at line 1, column 13.  Encountered: "`" (96), after : "".

2022-08-08 12:34:34,409 WARN Lexical error at line 1, column 13.  Encountered: "`" (96), after : "".

2022-08-08 12:34:34,409 WARN Lexical error at line 1, column 13.  Encountered: "`" (96), after : "".

2022-08-08 12:34:34,409 INFO use StandaloneDatabaseOperateImpl

2022-08-08 12:34:34,519 WARN DumpService start

2022-08-08 12:34:34,520 INFO start clear all config-info.

2022-08-08 12:34:34,521 WARN clear all config-info failed.

2022-08-08 12:34:34,521 WARN clear all config-info-tenant failed.

2022-08-08 12:34:34,582 INFO start clear all config-info-beta.

2022-08-08 12:34:34,582 WARN clear all config-info-beta failed.

2022-08-08 12:34:34,583 WARN clear all config-info-beta-tenant failed.

2022-08-08 12:34:34,593 INFO start clear all config-info-tag.

2022-08-08 12:34:34,593 WARN clear all config-info-tag failed.

2022-08-08 12:34:34,593 WARN clear all config-info-tag-tenant failed.

2022-08-08 12:38:38,912 INFO notifyConnectTimeout:200

2022-08-08 12:38:38,915 INFO notifySocketTimeout:8000

2022-08-08 12:38:38,915 INFO isHealthCheck:true

2022-08-08 12:38:38,915 INFO maxHealthCheckFailCount:12

2022-08-08 12:38:38,915 INFO maxContent:10485760

2022-08-08 12:38:45,129 INFO use local db service for init

2022-08-08 12:38:45,754 WARN Lexical error at line 4, column 66.  Encountered: <EOF> after : "".

2022-08-08 12:38:45,766 WARN Syntax error: Encountered "*" at line 1, column 1.

2022-08-08 12:38:45,849 WARN Table/View 'CONFIG_INFO' already exists in Schema 'NACOS'.

2022-08-08 12:38:45,930 WARN Table/View 'HIS_CONFIG_INFO' already exists in Schema 'NACOS'.

2022-08-08 12:38:45,964 WARN Table/View 'CONFIG_INFO_BETA' already exists in Schema 'NACOS'.

2022-08-08 12:38:45,976 WARN Table/View 'CONFIG_INFO_TAG' already exists in Schema 'NACOS'.

2022-08-08 12:38:45,988 WARN Table/View 'CONFIG_INFO_AGGR' already exists in Schema 'NACOS'.

2022-08-08 12:38:45,999 WARN Table/View 'APP_LIST' already exists in Schema 'NACOS'.

2022-08-08 12:38:46,009 WARN Table/View 'APP_CONFIGDATA_RELATION_SUBS' already exists in Schema 'NACOS'.

2022-08-08 12:38:46,019 WARN Table/View 'APP_CONFIGDATA_RELATION_PUBS' already exists in Schema 'NACOS'.

2022-08-08 12:38:46,032 WARN Table/View 'CONFIG_TAGS_RELATION' already exists in Schema 'NACOS'.

2022-08-08 12:38:46,047 WARN Table/View 'GROUP_CAPACITY' already exists in Schema 'NACOS'.

2022-08-08 12:38:46,060 WARN Table/View 'TENANT_CAPACITY' already exists in Schema 'NACOS'.

2022-08-08 12:38:46,074 WARN Table/View 'TENANT_INFO' already exists in Schema 'NACOS'.

2022-08-08 12:38:46,093 WARN Table/View 'USERS' already exists in Schema 'NACOS'.

2022-08-08 12:38:46,102 WARN Table/View 'ROLES' already exists in Schema 'NACOS'.

2022-08-08 12:38:46,120 WARN Table/View 'PERMISSIONS' already exists in Schema 'NACOS'.

2022-08-08 12:38:46,244 WARN The statement was aborted because it would have caused a duplicate key value in a unique or primary key constraint or unique index identified by 'SQL220808123336910' defined on 'USERS'.

2022-08-08 12:38:46,253 WARN The statement was aborted because it would have caused a duplicate key value in a unique or primary key constraint or unique index identified by 'UK_USERNAME_ROLE' defined on 'ROLES'.

2022-08-08 12:38:46,253 WARN Lexical error at line 4, column 13.  Encountered: "`" (96), after : "".

2022-08-08 12:38:46,254 WARN Lexical error at line 1, column 13.  Encountered: "`" (96), after : "".

2022-08-08 12:38:46,254 WARN Lexical error at line 1, column 13.  Encountered: "`" (96), after : "".

2022-08-08 12:38:46,254 WARN Lexical error at line 1, column 13.  Encountered: "`" (96), after : "".

2022-08-08 12:38:46,254 INFO use StandaloneDatabaseOperateImpl

2022-08-08 12:38:46,419 WARN DumpService start

2022-08-08 12:38:46,420 INFO start clear all config-info.

2022-08-08 12:38:46,422 WARN clear all config-info failed.

2022-08-08 12:38:46,422 WARN clear all config-info-tenant failed.

2022-08-08 12:38:46,482 INFO start clear all config-info-beta.

2022-08-08 12:38:46,482 WARN clear all config-info-beta failed.

2022-08-08 12:38:46,482 WARN clear all config-info-beta-tenant failed.

2022-08-08 12:38:46,497 INFO start clear all config-info-tag.

2022-08-08 12:38:46,497 WARN clear all config-info-tag failed.

2022-08-08 12:38:46,498 WARN clear all config-info-tag-tenant failed.

2022-08-08 12:50:39,067 INFO notifyConnectTimeout:200

2022-08-08 12:50:39,069 INFO notifySocketTimeout:8000

2022-08-08 12:50:39,070 INFO isHealthCheck:true

2022-08-08 12:50:39,070 INFO maxHealthCheckFailCount:12

2022-08-08 12:50:39,070 INFO maxContent:10485760

2022-08-08 12:50:45,084 INFO use local db service for init

2022-08-08 12:50:45,657 WARN Lexical error at line 4, column 66.  Encountered: <EOF> after : "".

2022-08-08 12:50:45,666 WARN Syntax error: Encountered "*" at line 1, column 1.

2022-08-08 12:50:45,719 WARN Table/View 'CONFIG_INFO' already exists in Schema 'NACOS'.

2022-08-08 12:50:45,770 WARN Table/View 'HIS_CONFIG_INFO' already exists in Schema 'NACOS'.

2022-08-08 12:50:45,797 WARN Table/View 'CONFIG_INFO_BETA' already exists in Schema 'NACOS'.

2022-08-08 12:50:45,810 WARN Table/View 'CONFIG_INFO_TAG' already exists in Schema 'NACOS'.

2022-08-08 12:50:45,826 WARN Table/View 'CONFIG_INFO_AGGR' already exists in Schema 'NACOS'.

2022-08-08 12:50:45,839 WARN Table/View 'APP_LIST' already exists in Schema 'NACOS'.

2022-08-08 12:50:45,849 WARN Table/View 'APP_CONFIGDATA_RELATION_SUBS' already exists in Schema 'NACOS'.

2022-08-08 12:50:45,859 WARN Table/View 'APP_CONFIGDATA_RELATION_PUBS' already exists in Schema 'NACOS'.

2022-08-08 12:50:45,870 WARN Table/View 'CONFIG_TAGS_RELATION' already exists in Schema 'NACOS'.

2022-08-08 12:50:45,887 WARN Table/View 'GROUP_CAPACITY' already exists in Schema 'NACOS'.

2022-08-08 12:50:45,898 WARN Table/View 'TENANT_CAPACITY' already exists in Schema 'NACOS'.

2022-08-08 12:50:45,909 WARN Table/View 'TENANT_INFO' already exists in Schema 'NACOS'.

2022-08-08 12:50:45,923 WARN Table/View 'USERS' already exists in Schema 'NACOS'.

2022-08-08 12:50:45,933 WARN Table/View 'ROLES' already exists in Schema 'NACOS'.

2022-08-08 12:50:45,944 WARN Table/View 'PERMISSIONS' already exists in Schema 'NACOS'.

2022-08-08 12:50:46,021 WARN The statement was aborted because it would have caused a duplicate key value in a unique or primary key constraint or unique index identified by 'SQL220808123336910' defined on 'USERS'.

2022-08-08 12:50:46,028 WARN The statement was aborted because it would have caused a duplicate key value in a unique or primary key constraint or unique index identified by 'UK_USERNAME_ROLE' defined on 'ROLES'.

2022-08-08 12:50:46,029 WARN Lexical error at line 4, column 13.  Encountered: "`" (96), after : "".

2022-08-08 12:50:46,030 WARN Lexical error at line 1, column 13.  Encountered: "`" (96), after : "".

2022-08-08 12:50:46,030 WARN Lexical error at line 1, column 13.  Encountered: "`" (96), after : "".

2022-08-08 12:50:46,031 WARN Lexical error at line 1, column 13.  Encountered: "`" (96), after : "".

2022-08-08 12:50:46,031 INFO use StandaloneDatabaseOperateImpl

2022-08-08 12:50:46,151 WARN DumpService start

2022-08-08 12:50:46,152 INFO start clear all config-info.

2022-08-08 12:50:46,153 WARN clear all config-info failed.

2022-08-08 12:50:46,154 WARN clear all config-info-tenant failed.

2022-08-08 12:50:46,200 INFO start clear all config-info-beta.

2022-08-08 12:50:46,200 WARN clear all config-info-beta failed.

2022-08-08 12:50:46,200 WARN clear all config-info-beta-tenant failed.

2022-08-08 12:50:46,211 INFO start clear all config-info-tag.

2022-08-08 12:50:46,211 WARN clear all config-info-tag failed.

2022-08-08 12:50:46,211 WARN clear all config-info-tag-tenant failed.

2022-08-08 12:51:53,499 INFO notifyConnectTimeout:200

2022-08-08 12:51:53,502 INFO notifySocketTimeout:8000

2022-08-08 12:51:53,502 INFO isHealthCheck:true

2022-08-08 12:51:53,502 INFO maxHealthCheckFailCount:12

2022-08-08 12:51:53,502 INFO maxContent:10485760

2022-08-08 12:51:59,750 INFO use local db service for init

2022-08-08 12:52:00,341 WARN Lexical error at line 4, column 66.  Encountered: <EOF> after : "".

2022-08-08 12:52:00,347 WARN Syntax error: Encountered "*" at line 1, column 1.

2022-08-08 12:52:00,392 WARN Table/View 'CONFIG_INFO' already exists in Schema 'NACOS'.

2022-08-08 12:52:00,442 WARN Table/View 'HIS_CONFIG_INFO' already exists in Schema 'NACOS'.

2022-08-08 12:52:00,466 WARN Table/View 'CONFIG_INFO_BETA' already exists in Schema 'NACOS'.

2022-08-08 12:52:00,478 WARN Table/View 'CONFIG_INFO_TAG' already exists in Schema 'NACOS'.

2022-08-08 12:52:00,487 WARN Table/View 'CONFIG_INFO_AGGR' already exists in Schema 'NACOS'.

2022-08-08 12:52:00,500 WARN Table/View 'APP_LIST' already exists in Schema 'NACOS'.

2022-08-08 12:52:00,509 WARN Table/View 'APP_CONFIGDATA_RELATION_SUBS' already exists in Schema 'NACOS'.

2022-08-08 12:52:00,517 WARN Table/View 'APP_CONFIGDATA_RELATION_PUBS' already exists in Schema 'NACOS'.

2022-08-08 12:52:00,527 WARN Table/View 'CONFIG_TAGS_RELATION' already exists in Schema 'NACOS'.

2022-08-08 12:52:00,542 WARN Table/View 'GROUP_CAPACITY' already exists in Schema 'NACOS'.

2022-08-08 12:52:00,552 WARN Table/View 'TENANT_CAPACITY' already exists in Schema 'NACOS'.

2022-08-08 12:52:00,562 WARN Table/View 'TENANT_INFO' already exists in Schema 'NACOS'.

2022-08-08 12:52:00,575 WARN Table/View 'USERS' already exists in Schema 'NACOS'.

2022-08-08 12:52:00,584 WARN Table/View 'ROLES' already exists in Schema 'NACOS'.

2022-08-08 12:52:00,593 WARN Table/View 'PERMISSIONS' already exists in Schema 'NACOS'.

2022-08-08 12:52:00,658 WARN The statement was aborted because it would have caused a duplicate key value in a unique or primary key constraint or unique index identified by 'SQL220808123336910' defined on 'USERS'.

2022-08-08 12:52:00,665 WARN The statement was aborted because it would have caused a duplicate key value in a unique or primary key constraint or unique index identified by 'UK_USERNAME_ROLE' defined on 'ROLES'.

2022-08-08 12:52:00,666 WARN Lexical error at line 4, column 13.  Encountered: "`" (96), after : "".

2022-08-08 12:52:00,666 WARN Lexical error at line 1, column 13.  Encountered: "`" (96), after : "".

2022-08-08 12:52:00,667 WARN Lexical error at line 1, column 13.  Encountered: "`" (96), after : "".

2022-08-08 12:52:00,667 WARN Lexical error at line 1, column 13.  Encountered: "`" (96), after : "".

2022-08-08 12:52:00,667 INFO use StandaloneDatabaseOperateImpl

2022-08-08 12:52:00,797 WARN DumpService start

2022-08-08 12:52:00,798 INFO start clear all config-info.

2022-08-08 12:52:00,799 WARN clear all config-info failed.

2022-08-08 12:52:00,799 WARN clear all config-info-tenant failed.

2022-08-08 12:52:00,844 INFO start clear all config-info-beta.

2022-08-08 12:52:00,844 WARN clear all config-info-beta failed.

2022-08-08 12:52:00,844 WARN clear all config-info-beta-tenant failed.

2022-08-08 12:52:00,854 INFO start clear all config-info-tag.

2022-08-08 12:52:00,854 WARN clear all config-info-tag failed.

2022-08-08 12:52:00,854 WARN clear all config-info-tag-tenant failed.

2022-08-08 13:30:40,013 INFO notifyConnectTimeout:200

2022-08-08 13:30:40,016 INFO notifySocketTimeout:8000

2022-08-08 13:30:40,016 INFO isHealthCheck:true

2022-08-08 13:30:40,016 INFO maxHealthCheckFailCount:12

2022-08-08 13:30:40,016 INFO maxContent:10485760

2022-08-08 13:30:46,166 INFO use local db service for init

2022-08-08 13:30:46,960 WARN Lexical error at line 4, column 66.  Encountered: <EOF> after : "".

2022-08-08 13:30:46,968 WARN Syntax error: Encountered "*" at line 1, column 1.

2022-08-08 13:30:47,028 WARN Table/View 'CONFIG_INFO' already exists in Schema 'NACOS'.

2022-08-08 13:30:47,082 WARN Table/View 'HIS_CONFIG_INFO' already exists in Schema 'NACOS'.

2022-08-08 13:30:47,109 WARN Table/View 'CONFIG_INFO_BETA' already exists in Schema 'NACOS'.

2022-08-08 13:30:47,121 WARN Table/View 'CONFIG_INFO_TAG' already exists in Schema 'NACOS'.

2022-08-08 13:30:47,132 WARN Table/View 'CONFIG_INFO_AGGR' already exists in Schema 'NACOS'.

2022-08-08 13:30:47,143 WARN Table/View 'APP_LIST' already exists in Schema 'NACOS'.

2022-08-08 13:30:47,153 WARN Table/View 'APP_CONFIGDATA_RELATION_SUBS' already exists in Schema 'NACOS'.

2022-08-08 13:30:47,165 WARN Table/View 'APP_CONFIGDATA_RELATION_PUBS' already exists in Schema 'NACOS'.

2022-08-08 13:30:47,177 WARN Table/View 'CONFIG_TAGS_RELATION' already exists in Schema 'NACOS'.

2022-08-08 13:30:47,193 WARN Table/View 'GROUP_CAPACITY' already exists in Schema 'NACOS'.

2022-08-08 13:30:47,204 WARN Table/View 'TENANT_CAPACITY' already exists in Schema 'NACOS'.

2022-08-08 13:30:47,213 WARN Table/View 'TENANT_INFO' already exists in Schema 'NACOS'.

2022-08-08 13:30:47,227 WARN Table/View 'USERS' already exists in Schema 'NACOS'.

2022-08-08 13:30:47,236 WARN Table/View 'ROLES' already exists in Schema 'NACOS'.

2022-08-08 13:30:47,246 WARN Table/View 'PERMISSIONS' already exists in Schema 'NACOS'.

2022-08-08 13:30:47,327 WARN The statement was aborted because it would have caused a duplicate key value in a unique or primary key constraint or unique index identified by 'SQL220808123336910' defined on 'USERS'.

2022-08-08 13:30:47,334 WARN The statement was aborted because it would have caused a duplicate key value in a unique or primary key constraint or unique index identified by 'UK_USERNAME_ROLE' defined on 'ROLES'.

2022-08-08 13:30:47,334 WARN Lexical error at line 4, column 13.  Encountered: "`" (96), after : "".

2022-08-08 13:30:47,335 WARN Lexical error at line 1, column 13.  Encountered: "`" (96), after : "".

2022-08-08 13:30:47,335 WARN Lexical error at line 1, column 13.  Encountered: "`" (96), after : "".

2022-08-08 13:30:47,335 WARN Lexical error at line 1, column 13.  Encountered: "`" (96), after : "".

2022-08-08 13:30:47,335 INFO use StandaloneDatabaseOperateImpl

2022-08-08 13:30:47,484 WARN DumpService start

2022-08-08 13:30:47,489 INFO start clear all config-info.

2022-08-08 13:30:47,491 WARN clear all config-info failed.

2022-08-08 13:30:47,491 WARN clear all config-info-tenant failed.

2022-08-08 13:30:47,557 INFO start clear all config-info-beta.

2022-08-08 13:30:47,557 WARN clear all config-info-beta failed.

2022-08-08 13:30:47,558 WARN clear all config-info-beta-tenant failed.

2022-08-08 13:30:47,570 INFO start clear all config-info-tag.

2022-08-08 13:30:47,570 WARN clear all config-info-tag failed.

2022-08-08 13:30:47,570 WARN clear all config-info-tag-tenant failed.

2022-08-08 13:55:12,269 INFO notifyConnectTimeout:200

2022-08-08 13:55:12,273 INFO notifySocketTimeout:8000

2022-08-08 13:55:12,273 INFO isHealthCheck:true

2022-08-08 13:55:12,273 INFO maxHealthCheckFailCount:12

2022-08-08 13:55:12,273 INFO maxContent:10485760

2022-08-08 13:55:19,320 INFO use local db service for init

2022-08-08 13:55:20,011 WARN Lexical error at line 4, column 66.  Encountered: <EOF> after : "".

2022-08-08 13:55:20,016 WARN Syntax error: Encountered "*" at line 1, column 1.

2022-08-08 13:55:20,071 WARN Table/View 'CONFIG_INFO' already exists in Schema 'NACOS'.

2022-08-08 13:55:20,129 WARN Table/View 'HIS_CONFIG_INFO' already exists in Schema 'NACOS'.

2022-08-08 13:55:20,153 WARN Table/View 'CONFIG_INFO_BETA' already exists in Schema 'NACOS'.

2022-08-08 13:55:20,167 WARN Table/View 'CONFIG_INFO_TAG' already exists in Schema 'NACOS'.

2022-08-08 13:55:20,177 WARN Table/View 'CONFIG_INFO_AGGR' already exists in Schema 'NACOS'.

2022-08-08 13:55:20,188 WARN Table/View 'APP_LIST' already exists in Schema 'NACOS'.

2022-08-08 13:55:20,197 WARN Table/View 'APP_CONFIGDATA_RELATION_SUBS' already exists in Schema 'NACOS'.

2022-08-08 13:55:20,206 WARN Table/View 'APP_CONFIGDATA_RELATION_PUBS' already exists in Schema 'NACOS'.

2022-08-08 13:55:20,216 WARN Table/View 'CONFIG_TAGS_RELATION' already exists in Schema 'NACOS'.

2022-08-08 13:55:20,231 WARN Table/View 'GROUP_CAPACITY' already exists in Schema 'NACOS'.

2022-08-08 13:55:20,241 WARN Table/View 'TENANT_CAPACITY' already exists in Schema 'NACOS'.

2022-08-08 13:55:20,250 WARN Table/View 'TENANT_INFO' already exists in Schema 'NACOS'.

2022-08-08 13:55:20,263 WARN Table/View 'USERS' already exists in Schema 'NACOS'.

2022-08-08 13:55:20,274 WARN Table/View 'ROLES' already exists in Schema 'NACOS'.

2022-08-08 13:55:20,283 WARN Table/View 'PERMISSIONS' already exists in Schema 'NACOS'.

2022-08-08 13:55:20,352 WARN The statement was aborted because it would have caused a duplicate key value in a unique or primary key constraint or unique index identified by 'SQL220808123336910' defined on 'USERS'.

2022-08-08 13:55:20,360 WARN The statement was aborted because it would have caused a duplicate key value in a unique or primary key constraint or unique index identified by 'UK_USERNAME_ROLE' defined on 'ROLES'.

2022-08-08 13:55:20,360 WARN Lexical error at line 4, column 13.  Encountered: "`" (96), after : "".

2022-08-08 13:55:20,361 WARN Lexical error at line 1, column 13.  Encountered: "`" (96), after : "".

2022-08-08 13:55:20,361 WARN Lexical error at line 1, column 13.  Encountered: "`" (96), after : "".

2022-08-08 13:55:20,361 WARN Lexical error at line 1, column 13.  Encountered: "`" (96), after : "".

2022-08-08 13:55:20,362 INFO use StandaloneDatabaseOperateImpl

2022-08-08 13:55:20,487 WARN DumpService start

2022-08-08 13:55:20,500 INFO start clear all config-info.

2022-08-08 13:55:20,502 WARN clear all config-info failed.

2022-08-08 13:55:20,502 WARN clear all config-info-tenant failed.

2022-08-08 13:55:20,563 INFO start clear all config-info-beta.

2022-08-08 13:55:20,563 WARN clear all config-info-beta failed.

2022-08-08 13:55:20,563 WARN clear all config-info-beta-tenant failed.

2022-08-08 13:55:20,574 INFO start clear all config-info-tag.

2022-08-08 13:55:20,574 WARN clear all config-info-tag failed.

2022-08-08 13:55:20,574 WARN clear all config-info-tag-tenant failed.

2022-08-08 14:11:50,044 INFO notifyConnectTimeout:200

2022-08-08 14:11:50,048 INFO notifySocketTimeout:8000

2022-08-08 14:11:50,048 INFO isHealthCheck:true

2022-08-08 14:11:50,048 INFO maxHealthCheckFailCount:12

2022-08-08 14:11:50,048 INFO maxContent:10485760

2022-08-08 14:11:56,245 INFO use local db service for init

2022-08-08 14:11:56,884 WARN Lexical error at line 4, column 66.  Encountered: <EOF> after : "".

2022-08-08 14:11:56,889 WARN Syntax error: Encountered "*" at line 1, column 1.

2022-08-08 14:11:56,946 WARN Table/View 'CONFIG_INFO' already exists in Schema 'NACOS'.

2022-08-08 14:11:56,998 WARN Table/View 'HIS_CONFIG_INFO' already exists in Schema 'NACOS'.

2022-08-08 14:11:57,024 WARN Table/View 'CONFIG_INFO_BETA' already exists in Schema 'NACOS'.

2022-08-08 14:11:57,037 WARN Table/View 'CONFIG_INFO_TAG' already exists in Schema 'NACOS'.

2022-08-08 14:11:57,048 WARN Table/View 'CONFIG_INFO_AGGR' already exists in Schema 'NACOS'.

2022-08-08 14:11:57,059 WARN Table/View 'APP_LIST' already exists in Schema 'NACOS'.

2022-08-08 14:11:57,069 WARN Table/View 'APP_CONFIGDATA_RELATION_SUBS' already exists in Schema 'NACOS'.

2022-08-08 14:11:57,079 WARN Table/View 'APP_CONFIGDATA_RELATION_PUBS' already exists in Schema 'NACOS'.

2022-08-08 14:11:57,089 WARN Table/View 'CONFIG_TAGS_RELATION' already exists in Schema 'NACOS'.

2022-08-08 14:11:57,105 WARN Table/View 'GROUP_CAPACITY' already exists in Schema 'NACOS'.

2022-08-08 14:11:57,120 WARN Table/View 'TENANT_CAPACITY' already exists in Schema 'NACOS'.

2022-08-08 14:11:57,129 WARN Table/View 'TENANT_INFO' already exists in Schema 'NACOS'.

2022-08-08 14:11:57,144 WARN Table/View 'USERS' already exists in Schema 'NACOS'.

2022-08-08 14:11:57,156 WARN Table/View 'ROLES' already exists in Schema 'NACOS'.

2022-08-08 14:11:57,168 WARN Table/View 'PERMISSIONS' already exists in Schema 'NACOS'.

2022-08-08 14:11:57,262 WARN The statement was aborted because it would have caused a duplicate key value in a unique or primary key constraint or unique index identified by 'SQL220808123336910' defined on 'USERS'.

2022-08-08 14:11:57,271 WARN The statement was aborted because it would have caused a duplicate key value in a unique or primary key constraint or unique index identified by 'UK_USERNAME_ROLE' defined on 'ROLES'.

2022-08-08 14:11:57,271 WARN Lexical error at line 4, column 13.  Encountered: "`" (96), after : "".

2022-08-08 14:11:57,272 WARN Lexical error at line 1, column 13.  Encountered: "`" (96), after : "".

2022-08-08 14:11:57,273 WARN Lexical error at line 1, column 13.  Encountered: "`" (96), after : "".

2022-08-08 14:11:57,273 WARN Lexical error at line 1, column 13.  Encountered: "`" (96), after : "".

2022-08-08 14:11:57,273 INFO use StandaloneDatabaseOperateImpl

2022-08-08 14:11:57,424 WARN DumpService start

2022-08-08 14:11:57,425 INFO start clear all config-info.

2022-08-08 14:11:57,426 WARN clear all config-info failed.

2022-08-08 14:11:57,427 WARN clear all config-info-tenant failed.

2022-08-08 14:11:57,501 INFO start clear all config-info-beta.

2022-08-08 14:11:57,502 WARN clear all config-info-beta failed.

2022-08-08 14:11:57,502 WARN clear all config-info-beta-tenant failed.

2022-08-08 14:11:57,519 INFO start clear all config-info-tag.

2022-08-08 14:11:57,519 WARN clear all config-info-tag failed.

2022-08-08 14:11:57,520 WARN clear all config-info-tag-tenant failed.

