2022-08-08 12:33:29,603 INFO Starting Nacos v2.1.0 on LAPTOP-AD110A99 with PID 16516 (E:\workspace\JavaProject\PersonnelManageMent\nacos-server-2.1.0\nacos\target\nacos-server.jar started by 86183 in E:\workspace\JavaProject\PersonnelManageMent)

2022-08-08 12:33:29,603 INFO The following profiles are active: standalone

2022-08-08 12:33:32,875 INFO Bean 'org.springframework.security.access.expression.method.DefaultMethodSecurityExpressionHandler@287f94b1' of type [org.springframework.security.access.expression.method.DefaultMethodSecurityExpressionHandler] is not eligible for getting processed by all BeanPostProcessors (for example: not eligible for auto-proxying)

2022-08-08 12:33:32,881 INFO Bean 'methodSecurityMetadataSource' of type [org.springframework.security.access.method.DelegatingMethodSecurityMetadataSource] is not eligible for getting processed by all BeanPostProcessors (for example: not eligible for auto-proxying)

2022-08-08 12:33:33,727 INFO Tomcat initialized with port(s): 8848 (http)

2022-08-08 12:33:33,762 INFO Starting service [Tomcat]

2022-08-08 12:33:33,762 INFO Starting Servlet engine: [Apache Tomcat/9.0.38]

2022-08-08 12:33:34,134 INFO At least one JAR was scanned for TLDs yet contained no TLDs. Enable debug logging for this logger for a complete list of JARs that were scanned but no TLDs were found in them. Skipping unneeded JARs during scanning can improve startup time and JSP compilation time.

2022-08-08 12:33:34,176 INFO Initializing Spring embedded WebApplicationContext

2022-08-08 12:33:34,176 INFO Root WebApplicationContext: initialization completed in 4534 ms

2022-08-08 12:33:35,007 INFO Nacos-related cluster resource initialization

2022-08-08 12:33:35,013 INFO Load com.alibaba.nacos.core.ability.RemoteAbilityInitializer for ServerAbilityInitializer

2022-08-08 12:33:35,013 INFO Load com.alibaba.nacos.naming.ability.NamingAbilityInitializer for ServerAbilityInitializer

2022-08-08 12:33:35,017 INFO The cluster resource is initialized

2022-08-08 12:33:35,050 INFO Get Distro config from env, DistroConfig{syncDelayMillis=1000, syncTimeoutMillis=3000, syncRetryDelayMillis=3000, verifyIntervalMillis=5000, verifyTimeoutMillis=3000, loadDataRetryDelayMillis=30000}

2022-08-08 12:33:35,835 INFO HikariPool-1 - Starting...

2022-08-08 12:33:35,839 WARN Registered driver with driverClassName=org.apache.derby.jdbc.EmbeddedDriver was not found, trying direct instantiation.

2022-08-08 12:33:36,499 INFO HikariPool-1 - Driver does not support get/set network timeout for connections. (Feature not implemented: No details.)

2022-08-08 12:33:36,502 INFO HikariPool-1 - Start completed.

2022-08-08 12:33:40,546 INFO Initializing ExecutorService 'applicationTaskExecutor'

2022-08-08 12:33:40,673 INFO Adding welcome page: class path resource [static/index.html]

2022-08-08 12:33:40,976 INFO Creating filter chain: Ant [pattern='/**'], []

2022-08-08 12:33:41,012 INFO Creating filter chain: any request, [org.springframework.security.web.context.request.async.WebAsyncManagerIntegrationFilter@7eb6b6b6, org.springframework.security.web.context.SecurityContextPersistenceFilter@27a97e08, org.springframework.security.web.header.HeaderWriterFilter@68fe48d7, org.springframework.security.web.csrf.CsrfFilter@633a2e99, org.springframework.security.web.authentication.logout.LogoutFilter@65b66b08, org.springframework.security.web.savedrequest.RequestCacheAwareFilter@5918c260, org.springframework.security.web.servletapi.SecurityContextHolderAwareRequestFilter@1f44ddab, org.springframework.security.web.authentication.AnonymousAuthenticationFilter@7ed9499e, org.springframework.security.web.session.SessionManagementFilter@701bc94e, org.springframework.security.web.access.ExceptionTranslationFilter@5b84f14]

2022-08-08 12:33:41,124 INFO Initializing ExecutorService 'taskScheduler'

2022-08-08 12:33:41,149 INFO Exposing 2 endpoint(s) beneath base path '/actuator'

2022-08-08 12:33:41,267 INFO Tomcat started on port(s): 8848 (http) with context path '/nacos'

2022-08-08 12:33:41,271 INFO Started Nacos in 13.179 seconds (JVM running for 13.666)

2022-08-08 12:33:41,271 INFO Nacos started successfully in stand alone mode. use embedded storage

2022-08-08 12:33:48,036 INFO Initializing Spring DispatcherServlet 'dispatcherServlet'

2022-08-08 12:33:48,036 INFO Initializing Servlet 'dispatcherServlet'

2022-08-08 12:33:48,057 INFO Completed initialization in 19 ms

2022-08-08 12:34:17,714 WARN [HttpClientBeanHolder] Start destroying common HttpClient

2022-08-08 12:34:17,714 WARN [NotifyCenter] Start destroying Publisher

2022-08-08 12:34:17,715 WARN [ConfigServer-HttpClientManager] Start destroying NacosRestTemplate

2022-08-08 12:34:17,714 WARN [WatchFileCenter] start close

2022-08-08 12:34:17,715 WARN [NotifyCenter] Destruction of the end

2022-08-08 12:34:17,715 WARN [WatchFileCenter] start to shutdown this watcher which is watch : E:\workspace\JavaProject\PersonnelManageMent\nacos-server-2.1.0\nacos\data\loader

2022-08-08 12:34:17,716 WARN [ThreadPoolManager] Start destroying ThreadPool

2022-08-08 12:34:17,717 WARN [WatchFileCenter] start to shutdown this watcher which is watch : E:\workspace\JavaProject\PersonnelManageMent\nacos-server-2.1.0\nacos\conf

2022-08-08 12:34:17,719 WARN [WatchFileCenter] start to shutdown this watcher which is watch : E:\workspace\JavaProject\PersonnelManageMent\nacos-server-2.1.0\nacos\data\tps

2022-08-08 12:34:17,721 WARN [WatchFileCenter] already closed

2022-08-08 12:34:17,721 WARN [HttpClientBeanHolder] Destruction of the end

2022-08-08 12:34:17,722 WARN [ConfigServer-HttpClientManager] Destruction of the end

2022-08-08 12:34:17,724 INFO Shutting down ExecutorService 'taskScheduler'

2022-08-08 12:34:17,726 INFO Shutting down ExecutorService 'applicationTaskExecutor'

2022-08-08 12:34:20,019 WARN [ThreadPoolManager] Destruction of the end

2022-08-08 12:34:27,206 INFO Starting Nacos v2.1.0 on LAPTOP-AD110A99 with PID 15300 (E:\workspace\JavaProject\PersonnelManageMent\nacos-server-2.1.0\nacos\target\nacos-server.jar started by 86183 in E:\workspace\JavaProject\PersonnelManageMent)

2022-08-08 12:34:27,207 INFO The following profiles are active: standalone

2022-08-08 12:34:30,583 INFO Bean 'org.springframework.security.access.expression.method.DefaultMethodSecurityExpressionHandler@2b5cb9b2' of type [org.springframework.security.access.expression.method.DefaultMethodSecurityExpressionHandler] is not eligible for getting processed by all BeanPostProcessors (for example: not eligible for auto-proxying)

2022-08-08 12:34:30,588 INFO Bean 'methodSecurityMetadataSource' of type [org.springframework.security.access.method.DelegatingMethodSecurityMetadataSource] is not eligible for getting processed by all BeanPostProcessors (for example: not eligible for auto-proxying)

2022-08-08 12:34:31,420 INFO Tomcat initialized with port(s): 8848 (http)

2022-08-08 12:34:31,452 INFO Starting service [Tomcat]

2022-08-08 12:34:31,453 INFO Starting Servlet engine: [Apache Tomcat/9.0.38]

2022-08-08 12:34:31,811 INFO At least one JAR was scanned for TLDs yet contained no TLDs. Enable debug logging for this logger for a complete list of JARs that were scanned but no TLDs were found in them. Skipping unneeded JARs during scanning can improve startup time and JSP compilation time.

2022-08-08 12:34:31,851 INFO Initializing Spring embedded WebApplicationContext

2022-08-08 12:34:31,851 INFO Root WebApplicationContext: initialization completed in 4604 ms

2022-08-08 12:34:32,690 INFO Nacos-related cluster resource initialization

2022-08-08 12:34:32,697 INFO Load com.alibaba.nacos.core.ability.RemoteAbilityInitializer for ServerAbilityInitializer

2022-08-08 12:34:32,697 INFO Load com.alibaba.nacos.naming.ability.NamingAbilityInitializer for ServerAbilityInitializer

2022-08-08 12:34:32,700 INFO The cluster resource is initialized

2022-08-08 12:34:32,735 INFO Get Distro config from env, DistroConfig{syncDelayMillis=1000, syncTimeoutMillis=3000, syncRetryDelayMillis=3000, verifyIntervalMillis=5000, verifyTimeoutMillis=3000, loadDataRetryDelayMillis=30000}

2022-08-08 12:34:33,592 INFO HikariPool-1 - Starting...

2022-08-08 12:34:33,595 WARN Registered driver with driverClassName=org.apache.derby.jdbc.EmbeddedDriver was not found, trying direct instantiation.

2022-08-08 12:34:33,984 INFO HikariPool-1 - Driver does not support get/set network timeout for connections. (Feature not implemented: No details.)

2022-08-08 12:34:33,987 INFO HikariPool-1 - Start completed.

2022-08-08 12:34:37,995 INFO Initializing ExecutorService 'applicationTaskExecutor'

2022-08-08 12:34:38,125 INFO Adding welcome page: class path resource [static/index.html]

2022-08-08 12:34:38,484 INFO Creating filter chain: Ant [pattern='/**'], []

2022-08-08 12:34:38,523 INFO Creating filter chain: any request, [org.springframework.security.web.context.request.async.WebAsyncManagerIntegrationFilter@7afb1741, org.springframework.security.web.context.SecurityContextPersistenceFilter@213bd3d5, org.springframework.security.web.header.HeaderWriterFilter@46cb98a3, org.springframework.security.web.csrf.CsrfFilter@2324bfe7, org.springframework.security.web.authentication.logout.LogoutFilter@7bebcd65, org.springframework.security.web.savedrequest.RequestCacheAwareFilter@451882b2, org.springframework.security.web.servletapi.SecurityContextHolderAwareRequestFilter@6fca5907, org.springframework.security.web.authentication.AnonymousAuthenticationFilter@263bbfeb, org.springframework.security.web.session.SessionManagementFilter@4da9f723, org.springframework.security.web.access.ExceptionTranslationFilter@3d49fd31]

2022-08-08 12:34:38,623 INFO Initializing ExecutorService 'taskScheduler'

2022-08-08 12:34:38,641 INFO Exposing 2 endpoint(s) beneath base path '/actuator'

2022-08-08 12:34:38,757 INFO Tomcat started on port(s): 8848 (http) with context path '/nacos'

2022-08-08 12:34:38,760 INFO Started Nacos in 13.065 seconds (JVM running for 13.573)

2022-08-08 12:34:38,760 INFO Nacos started successfully in stand alone mode. use embedded storage

2022-08-08 12:34:55,884 INFO Initializing Spring DispatcherServlet 'dispatcherServlet'

2022-08-08 12:34:55,884 INFO Initializing Servlet 'dispatcherServlet'

2022-08-08 12:34:55,896 INFO Completed initialization in 12 ms

2022-08-08 12:38:15,853 INFO Get Distro config from env, DistroConfig{syncDelayMillis=1000, syncTimeoutMillis=3000, syncRetryDelayMillis=3000, verifyIntervalMillis=5000, verifyTimeoutMillis=3000, loadDataRetryDelayMillis=30000}

2022-08-08 12:38:15,854 INFO Get Distro config from env, DistroConfig{syncDelayMillis=1000, syncTimeoutMillis=3000, syncRetryDelayMillis=3000, verifyIntervalMillis=5000, verifyTimeoutMillis=3000, loadDataRetryDelayMillis=30000}

2022-08-08 12:38:15,855 INFO Get Distro config from env, DistroConfig{syncDelayMillis=1000, syncTimeoutMillis=3000, syncRetryDelayMillis=3000, verifyIntervalMillis=5000, verifyTimeoutMillis=3000, loadDataRetryDelayMillis=30000}

2022-08-08 12:38:15,857 INFO Get Distro config from env, DistroConfig{syncDelayMillis=1000, syncTimeoutMillis=3000, syncRetryDelayMillis=3000, verifyIntervalMillis=5000, verifyTimeoutMillis=3000, loadDataRetryDelayMillis=30000}

2022-08-08 12:38:15,858 INFO Get Distro config from env, DistroConfig{syncDelayMillis=1000, syncTimeoutMillis=3000, syncRetryDelayMillis=3000, verifyIntervalMillis=5000, verifyTimeoutMillis=3000, loadDataRetryDelayMillis=30000}

2022-08-08 12:38:38,920 INFO Starting Nacos v2.1.0 on LAPTOP-AD110A99 with PID 21104 (E:\workspace\JavaProject\PersonnelManageMent\nacos-server-2.1.0\nacos\target\nacos-server.jar started by 86183 in E:\workspace\JavaProject\PersonnelManageMent)

2022-08-08 12:38:38,920 INFO The following profiles are active: standalone

2022-08-08 12:38:42,123 INFO Bean 'org.springframework.security.access.expression.method.DefaultMethodSecurityExpressionHandler@672f11c2' of type [org.springframework.security.access.expression.method.DefaultMethodSecurityExpressionHandler] is not eligible for getting processed by all BeanPostProcessors (for example: not eligible for auto-proxying)

2022-08-08 12:38:42,131 INFO Bean 'methodSecurityMetadataSource' of type [org.springframework.security.access.method.DelegatingMethodSecurityMetadataSource] is not eligible for getting processed by all BeanPostProcessors (for example: not eligible for auto-proxying)

2022-08-08 12:38:43,047 INFO Tomcat initialized with port(s): 8848 (http)

2022-08-08 12:38:43,085 INFO Starting service [Tomcat]

2022-08-08 12:38:43,086 INFO Starting Servlet engine: [Apache Tomcat/9.0.38]

2022-08-08 12:38:43,468 INFO At least one JAR was scanned for TLDs yet contained no TLDs. Enable debug logging for this logger for a complete list of JARs that were scanned but no TLDs were found in them. Skipping unneeded JARs during scanning can improve startup time and JSP compilation time.

2022-08-08 12:38:43,507 INFO Initializing Spring embedded WebApplicationContext

2022-08-08 12:38:43,508 INFO Root WebApplicationContext: initialization completed in 4546 ms

2022-08-08 12:38:44,364 INFO Nacos-related cluster resource initialization

2022-08-08 12:38:44,372 INFO Load com.alibaba.nacos.core.ability.RemoteAbilityInitializer for ServerAbilityInitializer

2022-08-08 12:38:44,372 INFO Load com.alibaba.nacos.naming.ability.NamingAbilityInitializer for ServerAbilityInitializer

2022-08-08 12:38:44,376 INFO The cluster resource is initialized

2022-08-08 12:38:44,412 INFO Get Distro config from env, DistroConfig{syncDelayMillis=1000, syncTimeoutMillis=3000, syncRetryDelayMillis=3000, verifyIntervalMillis=5000, verifyTimeoutMillis=3000, loadDataRetryDelayMillis=30000}

2022-08-08 12:38:45,314 INFO HikariPool-1 - Starting...

2022-08-08 12:38:45,318 WARN Registered driver with driverClassName=org.apache.derby.jdbc.EmbeddedDriver was not found, trying direct instantiation.

2022-08-08 12:38:45,639 INFO HikariPool-1 - Driver does not support get/set network timeout for connections. (Feature not implemented: No details.)

2022-08-08 12:38:45,643 INFO HikariPool-1 - Start completed.

2022-08-08 12:38:49,825 INFO Initializing ExecutorService 'applicationTaskExecutor'

2022-08-08 12:38:49,960 INFO Adding welcome page: class path resource [static/index.html]

2022-08-08 12:38:50,312 INFO Creating filter chain: Ant [pattern='/**'], []

2022-08-08 12:38:50,349 INFO Creating filter chain: any request, [org.springframework.security.web.context.request.async.WebAsyncManagerIntegrationFilter@470a659f, org.springframework.security.web.context.SecurityContextPersistenceFilter@2324bfe7, org.springframework.security.web.header.HeaderWriterFilter@5e746d37, org.springframework.security.web.csrf.CsrfFilter@64693226, org.springframework.security.web.authentication.logout.LogoutFilter@3b2f4a93, org.springframework.security.web.savedrequest.RequestCacheAwareFilter@3d49fd31, org.springframework.security.web.servletapi.SecurityContextHolderAwareRequestFilter@3ffb3598, org.springframework.security.web.authentication.AnonymousAuthenticationFilter@451882b2, org.springframework.security.web.session.SessionManagementFilter@21d1b321, org.springframework.security.web.access.ExceptionTranslationFilter@117bcfdc]

2022-08-08 12:38:50,437 INFO Initializing ExecutorService 'taskScheduler'

2022-08-08 12:38:50,456 INFO Exposing 2 endpoint(s) beneath base path '/actuator'

2022-08-08 12:38:50,570 INFO Tomcat started on port(s): 8848 (http) with context path '/nacos'

2022-08-08 12:38:50,572 INFO Started Nacos in 13.081 seconds (JVM running for 13.548)

2022-08-08 12:38:50,573 INFO Nacos started successfully in stand alone mode. use embedded storage

2022-08-08 12:38:54,674 INFO Initializing Spring DispatcherServlet 'dispatcherServlet'

2022-08-08 12:38:54,674 INFO Initializing Servlet 'dispatcherServlet'

2022-08-08 12:38:54,692 INFO Completed initialization in 18 ms

2022-08-08 12:48:46,538 WARN clearConfigHistory start

2022-08-08 12:48:46,538 WARN clearConfigHistory, getBeforeStamp:2022-07-09 12:48:46.0, pageSize:1000

2022-08-08 12:48:46,568 INFO [capacityManagement] start correct usage

2022-08-08 12:48:46,581 INFO [capacityManagement] end correct usage, cost: 0.012s

2022-08-08 12:50:39,076 INFO Starting Nacos v2.1.0 on LAPTOP-AD110A99 with PID 24108 (E:\workspace\JavaProject\PersonnelManageMent\nacos-server-2.1.0\nacos\target\nacos-server.jar started by 86183 in E:\workspace\JavaProject\PersonnelManageMent\nacos-server-2.1.0)

2022-08-08 12:50:39,076 INFO The following profiles are active: standalone

2022-08-08 12:50:42,293 INFO Bean 'org.springframework.security.access.expression.method.DefaultMethodSecurityExpressionHandler@5149f008' of type [org.springframework.security.access.expression.method.DefaultMethodSecurityExpressionHandler] is not eligible for getting processed by all BeanPostProcessors (for example: not eligible for auto-proxying)

2022-08-08 12:50:42,299 INFO Bean 'methodSecurityMetadataSource' of type [org.springframework.security.access.method.DelegatingMethodSecurityMetadataSource] is not eligible for getting processed by all BeanPostProcessors (for example: not eligible for auto-proxying)

2022-08-08 12:50:43,137 INFO Tomcat initialized with port(s): 8848 (http)

2022-08-08 12:50:43,175 INFO Starting service [Tomcat]

2022-08-08 12:50:43,176 INFO Starting Servlet engine: [Apache Tomcat/9.0.38]

2022-08-08 12:50:43,546 INFO At least one JAR was scanned for TLDs yet contained no TLDs. Enable debug logging for this logger for a complete list of JARs that were scanned but no TLDs were found in them. Skipping unneeded JARs during scanning can improve startup time and JSP compilation time.

2022-08-08 12:50:43,587 INFO Initializing Spring embedded WebApplicationContext

2022-08-08 12:50:43,587 INFO Root WebApplicationContext: initialization completed in 4468 ms

2022-08-08 12:50:44,400 INFO Nacos-related cluster resource initialization

2022-08-08 12:50:44,406 INFO Load com.alibaba.nacos.core.ability.RemoteAbilityInitializer for ServerAbilityInitializer

2022-08-08 12:50:44,406 INFO Load com.alibaba.nacos.naming.ability.NamingAbilityInitializer for ServerAbilityInitializer

2022-08-08 12:50:44,409 INFO The cluster resource is initialized

2022-08-08 12:50:44,440 INFO Get Distro config from env, DistroConfig{syncDelayMillis=1000, syncTimeoutMillis=3000, syncRetryDelayMillis=3000, verifyIntervalMillis=5000, verifyTimeoutMillis=3000, loadDataRetryDelayMillis=30000}

2022-08-08 12:50:45,242 INFO HikariPool-1 - Starting...

2022-08-08 12:50:45,245 WARN Registered driver with driverClassName=org.apache.derby.jdbc.EmbeddedDriver was not found, trying direct instantiation.

2022-08-08 12:50:45,551 INFO HikariPool-1 - Driver does not support get/set network timeout for connections. (Feature not implemented: No details.)

2022-08-08 12:50:45,554 INFO HikariPool-1 - Start completed.

2022-08-08 12:50:49,472 INFO Initializing ExecutorService 'applicationTaskExecutor'

2022-08-08 12:50:49,591 INFO Adding welcome page: class path resource [static/index.html]

2022-08-08 12:50:50,094 INFO Creating filter chain: Ant [pattern='/**'], []

2022-08-08 12:50:50,133 INFO Creating filter chain: any request, [org.springframework.security.web.context.request.async.WebAsyncManagerIntegrationFilter@7ea899a9, org.springframework.security.web.context.SecurityContextPersistenceFilter@67d86804, org.springframework.security.web.header.HeaderWriterFilter@47447ccf, org.springframework.security.web.csrf.CsrfFilter@7b78ed6a, org.springframework.security.web.authentication.logout.LogoutFilter@74db12c2, org.springframework.security.web.savedrequest.RequestCacheAwareFilter@3e84111a, org.springframework.security.web.servletapi.SecurityContextHolderAwareRequestFilter@73545b80, org.springframework.security.web.authentication.AnonymousAuthenticationFilter@2776015d, org.springframework.security.web.session.SessionManagementFilter@263bbfeb, org.springframework.security.web.access.ExceptionTranslationFilter@6ec65b5e]

2022-08-08 12:50:50,231 INFO Initializing ExecutorService 'taskScheduler'

2022-08-08 12:50:50,260 INFO Exposing 2 endpoint(s) beneath base path '/actuator'

2022-08-08 12:50:50,374 INFO Tomcat started on port(s): 8848 (http) with context path '/nacos'

2022-08-08 12:50:50,378 INFO Started Nacos in 12.752 seconds (JVM running for 13.218)

2022-08-08 12:50:50,378 INFO Nacos started successfully in stand alone mode. use embedded storage

2022-08-08 12:51:53,507 INFO Starting Nacos v2.1.0 on LAPTOP-AD110A99 with PID 4116 (E:\workspace\JavaProject\PersonnelManageMent\nacos-server-2.1.0\nacos\target\nacos-server.jar started by 86183 in E:\workspace\JavaProject\PersonnelManageMent\nacos-server-2.1.0\nacos)

2022-08-08 12:51:53,508 INFO The following profiles are active: standalone

2022-08-08 12:51:56,754 INFO Bean 'org.springframework.security.access.expression.method.DefaultMethodSecurityExpressionHandler@35038141' of type [org.springframework.security.access.expression.method.DefaultMethodSecurityExpressionHandler] is not eligible for getting processed by all BeanPostProcessors (for example: not eligible for auto-proxying)

2022-08-08 12:51:56,761 INFO Bean 'methodSecurityMetadataSource' of type [org.springframework.security.access.method.DelegatingMethodSecurityMetadataSource] is not eligible for getting processed by all BeanPostProcessors (for example: not eligible for auto-proxying)

2022-08-08 12:51:57,713 INFO Tomcat initialized with port(s): 8848 (http)

2022-08-08 12:51:57,759 INFO Starting service [Tomcat]

2022-08-08 12:51:57,759 INFO Starting Servlet engine: [Apache Tomcat/9.0.38]

2022-08-08 12:51:58,160 INFO At least one JAR was scanned for TLDs yet contained no TLDs. Enable debug logging for this logger for a complete list of JARs that were scanned but no TLDs were found in them. Skipping unneeded JARs during scanning can improve startup time and JSP compilation time.

2022-08-08 12:51:58,201 INFO Initializing Spring embedded WebApplicationContext

2022-08-08 12:51:58,201 INFO Root WebApplicationContext: initialization completed in 4653 ms

2022-08-08 12:51:59,040 INFO Nacos-related cluster resource initialization

2022-08-08 12:51:59,045 INFO Load com.alibaba.nacos.core.ability.RemoteAbilityInitializer for ServerAbilityInitializer

2022-08-08 12:51:59,045 INFO Load com.alibaba.nacos.naming.ability.NamingAbilityInitializer for ServerAbilityInitializer

2022-08-08 12:51:59,048 INFO The cluster resource is initialized

2022-08-08 12:51:59,082 INFO Get Distro config from env, DistroConfig{syncDelayMillis=1000, syncTimeoutMillis=3000, syncRetryDelayMillis=3000, verifyIntervalMillis=5000, verifyTimeoutMillis=3000, loadDataRetryDelayMillis=30000}

2022-08-08 12:51:59,931 INFO HikariPool-1 - Starting...

2022-08-08 12:51:59,935 WARN Registered driver with driverClassName=org.apache.derby.jdbc.EmbeddedDriver was not found, trying direct instantiation.

2022-08-08 12:52:00,241 INFO HikariPool-1 - Driver does not support get/set network timeout for connections. (Feature not implemented: No details.)

2022-08-08 12:52:00,244 INFO HikariPool-1 - Start completed.

2022-08-08 12:52:04,124 INFO Initializing ExecutorService 'applicationTaskExecutor'

2022-08-08 12:52:04,278 INFO Adding welcome page: class path resource [static/index.html]

2022-08-08 12:52:04,635 INFO Creating filter chain: Ant [pattern='/**'], []

2022-08-08 12:52:04,676 INFO Creating filter chain: any request, [org.springframework.security.web.context.request.async.WebAsyncManagerIntegrationFilter@b174a73, org.springframework.security.web.context.SecurityContextPersistenceFilter@3e84111a, org.springframework.security.web.header.HeaderWriterFilter@263bbfeb, org.springframework.security.web.csrf.CsrfFilter@6ec65b5e, org.springframework.security.web.authentication.logout.LogoutFilter@7ea899a9, org.springframework.security.web.savedrequest.RequestCacheAwareFilter@6fa69af7, org.springframework.security.web.servletapi.SecurityContextHolderAwareRequestFilter@74db12c2, org.springframework.security.web.authentication.AnonymousAuthenticationFilter@2e3f79a2, org.springframework.security.web.session.SessionManagementFilter@67d86804, org.springframework.security.web.access.ExceptionTranslationFilter@47447ccf]

2022-08-08 12:52:04,763 INFO Initializing ExecutorService 'taskScheduler'

2022-08-08 12:52:04,793 INFO Exposing 2 endpoint(s) beneath base path '/actuator'

2022-08-08 12:52:04,901 INFO Tomcat started on port(s): 8848 (http) with context path '/nacos'

2022-08-08 12:52:04,906 INFO Started Nacos in 12.814 seconds (JVM running for 13.294)

2022-08-08 12:52:04,906 INFO Nacos started successfully in stand alone mode. use embedded storage

2022-08-08 12:52:36,646 INFO Initializing Spring DispatcherServlet 'dispatcherServlet'

2022-08-08 12:52:36,646 INFO Initializing Servlet 'dispatcherServlet'

2022-08-08 12:52:36,660 INFO Completed initialization in 13 ms

2022-08-08 13:02:00,886 WARN clearConfigHistory start

2022-08-08 13:02:00,886 WARN clearConfigHistory, getBeforeStamp:2022-07-09 13:02:00.0, pageSize:1000

2022-08-08 13:02:00,916 INFO [capacityManagement] start correct usage

2022-08-08 13:02:00,926 INFO [capacityManagement] end correct usage, cost: 0.01s

2022-08-08 13:12:00,927 WARN clearConfigHistory start

2022-08-08 13:12:00,927 WARN clearConfigHistory, getBeforeStamp:2022-07-09 13:12:00.0, pageSize:1000

2022-08-08 13:12:00,943 INFO [capacityManagement] start correct usage

2022-08-08 13:12:00,943 INFO [capacityManagement] end correct usage, cost: 0.0s

2022-08-08 13:30:40,024 INFO Starting Nacos v2.1.0 on LAPTOP-AD110A99 with PID 15964 (E:\workspace\JavaProject\PersonnelManageMent\nacos-server-2.1.0\nacos\target\nacos-server.jar started by 86183 in E:\workspace\JavaProject\PersonnelManageMent\nacos-server-2.1.0\nacos)

2022-08-08 13:30:40,024 INFO The following profiles are active: standalone

2022-08-08 13:30:43,347 INFO Bean 'org.springframework.security.access.expression.method.DefaultMethodSecurityExpressionHandler@48f5bde6' of type [org.springframework.security.access.expression.method.DefaultMethodSecurityExpressionHandler] is not eligible for getting processed by all BeanPostProcessors (for example: not eligible for auto-proxying)

2022-08-08 13:30:43,353 INFO Bean 'methodSecurityMetadataSource' of type [org.springframework.security.access.method.DelegatingMethodSecurityMetadataSource] is not eligible for getting processed by all BeanPostProcessors (for example: not eligible for auto-proxying)

2022-08-08 13:30:44,175 INFO Tomcat initialized with port(s): 8848 (http)

2022-08-08 13:30:44,212 INFO Starting service [Tomcat]

2022-08-08 13:30:44,213 INFO Starting Servlet engine: [Apache Tomcat/9.0.38]

2022-08-08 13:30:44,581 INFO At least one JAR was scanned for TLDs yet contained no TLDs. Enable debug logging for this logger for a complete list of JARs that were scanned but no TLDs were found in them. Skipping unneeded JARs during scanning can improve startup time and JSP compilation time.

2022-08-08 13:30:44,622 INFO Initializing Spring embedded WebApplicationContext

2022-08-08 13:30:44,622 INFO Root WebApplicationContext: initialization completed in 4556 ms

2022-08-08 13:30:45,434 INFO Nacos-related cluster resource initialization

2022-08-08 13:30:45,440 INFO Load com.alibaba.nacos.core.ability.RemoteAbilityInitializer for ServerAbilityInitializer

2022-08-08 13:30:45,440 INFO Load com.alibaba.nacos.naming.ability.NamingAbilityInitializer for ServerAbilityInitializer

2022-08-08 13:30:45,444 INFO The cluster resource is initialized

2022-08-08 13:30:45,476 INFO Get Distro config from env, DistroConfig{syncDelayMillis=1000, syncTimeoutMillis=3000, syncRetryDelayMillis=3000, verifyIntervalMillis=5000, verifyTimeoutMillis=3000, loadDataRetryDelayMillis=30000}

2022-08-08 13:30:46,371 INFO HikariPool-1 - Starting...

2022-08-08 13:30:46,376 WARN Registered driver with driverClassName=org.apache.derby.jdbc.EmbeddedDriver was not found, trying direct instantiation.

2022-08-08 13:30:46,824 INFO HikariPool-1 - Driver does not support get/set network timeout for connections. (Feature not implemented: No details.)

2022-08-08 13:30:46,830 INFO HikariPool-1 - Start completed.

2022-08-08 13:30:52,053 INFO Initializing ExecutorService 'applicationTaskExecutor'

2022-08-08 13:30:52,275 INFO Adding welcome page: class path resource [static/index.html]

2022-08-08 13:30:52,859 INFO Creating filter chain: Ant [pattern='/**'], []

2022-08-08 13:30:52,923 INFO Creating filter chain: any request, [org.springframework.security.web.context.request.async.WebAsyncManagerIntegrationFilter@6fca5907, org.springframework.security.web.context.SecurityContextPersistenceFilter@46cb98a3, org.springframework.security.web.header.HeaderWriterFilter@2324bfe7, org.springframework.security.web.csrf.CsrfFilter@5e746d37, org.springframework.security.web.authentication.logout.LogoutFilter@4a23350, org.springframework.security.web.savedrequest.RequestCacheAwareFilter@4da9f723, org.springframework.security.web.servletapi.SecurityContextHolderAwareRequestFilter@470a659f, org.springframework.security.web.authentication.AnonymousAuthenticationFilter@6ec65b5e, org.springframework.security.web.session.SessionManagementFilter@3d49fd31, org.springframework.security.web.access.ExceptionTranslationFilter@21d1b321]

2022-08-08 13:30:53,066 INFO Initializing ExecutorService 'taskScheduler'

2022-08-08 13:30:53,099 INFO Exposing 2 endpoint(s) beneath base path '/actuator'

2022-08-08 13:30:53,230 INFO Tomcat started on port(s): 8848 (http) with context path '/nacos'

2022-08-08 13:30:53,234 INFO Started Nacos in 14.725 seconds (JVM running for 15.242)

2022-08-08 13:30:53,235 INFO Nacos started successfully in stand alone mode. use embedded storage

2022-08-08 13:31:56,062 INFO Initializing Spring DispatcherServlet 'dispatcherServlet'

2022-08-08 13:31:56,062 INFO Initializing Servlet 'dispatcherServlet'

2022-08-08 13:31:56,073 INFO Completed initialization in 10 ms

2022-08-08 13:31:56,125 INFO Get Push config from env, PushConfig{pushTaskDelay=500, pushTaskTimeout=5000, pushTaskRetryDelay=1000}

2022-08-08 13:31:57,537 INFO Get NamingClient config from env, ClientConfig{clientExpiredTime=180000}

2022-08-08 13:40:47,602 WARN clearConfigHistory start

2022-08-08 13:40:47,602 WARN clearConfigHistory, getBeforeStamp:2022-07-09 13:40:47.0, pageSize:1000

2022-08-08 13:40:47,650 INFO [capacityManagement] start correct usage

2022-08-08 13:40:47,661 INFO [capacityManagement] end correct usage, cost: 0.011s

2022-08-08 13:50:47,644 WARN clearConfigHistory start

2022-08-08 13:50:47,644 WARN clearConfigHistory, getBeforeStamp:2022-07-09 13:50:47.0, pageSize:1000

2022-08-08 13:50:47,675 INFO [capacityManagement] start correct usage

2022-08-08 13:50:47,675 INFO [capacityManagement] end correct usage, cost: 0.0s

2022-08-08 13:55:12,281 INFO Starting Nacos v2.1.0 on LAPTOP-AD110A99 with PID 18888 (E:\workspace\JavaProject\PersonnelManageMent\nacos-server-2.1.0\nacos\target\nacos-server.jar started by 86183 in E:\workspace\JavaProject\PersonnelManageMent\nacos-server-2.1.0\nacos)

2022-08-08 13:55:12,281 INFO The following profiles are active: standalone

2022-08-08 13:55:15,935 INFO Bean 'org.springframework.security.access.expression.method.DefaultMethodSecurityExpressionHandler@2b5cb9b2' of type [org.springframework.security.access.expression.method.DefaultMethodSecurityExpressionHandler] is not eligible for getting processed by all BeanPostProcessors (for example: not eligible for auto-proxying)

2022-08-08 13:55:15,942 INFO Bean 'methodSecurityMetadataSource' of type [org.springframework.security.access.method.DelegatingMethodSecurityMetadataSource] is not eligible for getting processed by all BeanPostProcessors (for example: not eligible for auto-proxying)

2022-08-08 13:55:17,057 INFO Tomcat initialized with port(s): 8848 (http)

2022-08-08 13:55:17,103 INFO Starting service [Tomcat]

2022-08-08 13:55:17,104 INFO Starting Servlet engine: [Apache Tomcat/9.0.38]

2022-08-08 13:55:17,603 INFO At least one JAR was scanned for TLDs yet contained no TLDs. Enable debug logging for this logger for a complete list of JARs that were scanned but no TLDs were found in them. Skipping unneeded JARs during scanning can improve startup time and JSP compilation time.

2022-08-08 13:55:17,643 INFO Initializing Spring embedded WebApplicationContext

2022-08-08 13:55:17,643 INFO Root WebApplicationContext: initialization completed in 5314 ms

2022-08-08 13:55:18,525 INFO Nacos-related cluster resource initialization

2022-08-08 13:55:18,532 INFO Load com.alibaba.nacos.core.ability.RemoteAbilityInitializer for ServerAbilityInitializer

2022-08-08 13:55:18,532 INFO Load com.alibaba.nacos.naming.ability.NamingAbilityInitializer for ServerAbilityInitializer

2022-08-08 13:55:18,535 INFO The cluster resource is initialized

2022-08-08 13:55:18,574 INFO Get Distro config from env, DistroConfig{syncDelayMillis=1000, syncTimeoutMillis=3000, syncRetryDelayMillis=3000, verifyIntervalMillis=5000, verifyTimeoutMillis=3000, loadDataRetryDelayMillis=30000}

2022-08-08 13:55:19,524 INFO HikariPool-1 - Starting...

2022-08-08 13:55:19,528 WARN Registered driver with driverClassName=org.apache.derby.jdbc.EmbeddedDriver was not found, trying direct instantiation.

2022-08-08 13:55:19,913 INFO HikariPool-1 - Driver does not support get/set network timeout for connections. (Feature not implemented: No details.)

2022-08-08 13:55:19,916 INFO HikariPool-1 - Start completed.

2022-08-08 13:55:24,097 INFO Initializing ExecutorService 'applicationTaskExecutor'

2022-08-08 13:55:24,240 INFO Adding welcome page: class path resource [static/index.html]

2022-08-08 13:55:24,566 INFO Creating filter chain: Ant [pattern='/**'], []

2022-08-08 13:55:24,600 INFO Creating filter chain: any request, [org.springframework.security.web.context.request.async.WebAsyncManagerIntegrationFilter@327ed9f5, org.springframework.security.web.context.SecurityContextPersistenceFilter@6d469831, org.springframework.security.web.header.HeaderWriterFilter@3e84111a, org.springframework.security.web.csrf.CsrfFilter@263bbfeb, org.springframework.security.web.authentication.logout.LogoutFilter@1460c81d, org.springframework.security.web.savedrequest.RequestCacheAwareFilter@2ff15f8c, org.springframework.security.web.servletapi.SecurityContextHolderAwareRequestFilter@b174a73, org.springframework.security.web.authentication.AnonymousAuthenticationFilter@67594471, org.springframework.security.web.session.SessionManagementFilter@6fa69af7, org.springframework.security.web.access.ExceptionTranslationFilter@67d86804]

2022-08-08 13:55:24,696 INFO Initializing ExecutorService 'taskScheduler'

2022-08-08 13:55:24,724 INFO Exposing 2 endpoint(s) beneath base path '/actuator'

2022-08-08 13:55:24,820 INFO Tomcat started on port(s): 8848 (http) with context path '/nacos'

2022-08-08 13:55:24,824 INFO Started Nacos in 14.156 seconds (JVM running for 14.636)

2022-08-08 13:55:24,824 INFO Nacos started successfully in stand alone mode. use embedded storage

2022-08-08 14:11:50,056 INFO Starting Nacos v2.1.0 on LAPTOP-AD110A99 with PID 21860 (E:\workspace\JavaProject\PersonnelManageMent\nacos-server-2.1.0\nacos\target\nacos-server.jar started by 86183 in E:\workspace\JavaProject\PersonnelManageMent\nacos-server-2.1.0\nacos)

2022-08-08 14:11:50,056 INFO The following profiles are active: standalone

2022-08-08 14:11:53,350 INFO Bean 'org.springframework.security.access.expression.method.DefaultMethodSecurityExpressionHandler@30b34287' of type [org.springframework.security.access.expression.method.DefaultMethodSecurityExpressionHandler] is not eligible for getting processed by all BeanPostProcessors (for example: not eligible for auto-proxying)

2022-08-08 14:11:53,359 INFO Bean 'methodSecurityMetadataSource' of type [org.springframework.security.access.method.DelegatingMethodSecurityMetadataSource] is not eligible for getting processed by all BeanPostProcessors (for example: not eligible for auto-proxying)

2022-08-08 14:11:54,214 INFO Tomcat initialized with port(s): 8848 (http)

2022-08-08 14:11:54,252 INFO Starting service [Tomcat]

2022-08-08 14:11:54,252 INFO Starting Servlet engine: [Apache Tomcat/9.0.38]

2022-08-08 14:11:54,628 INFO At least one JAR was scanned for TLDs yet contained no TLDs. Enable debug logging for this logger for a complete list of JARs that were scanned but no TLDs were found in them. Skipping unneeded JARs during scanning can improve startup time and JSP compilation time.

2022-08-08 14:11:54,669 INFO Initializing Spring embedded WebApplicationContext

2022-08-08 14:11:54,669 INFO Root WebApplicationContext: initialization completed in 4576 ms

2022-08-08 14:11:55,504 INFO Nacos-related cluster resource initialization

2022-08-08 14:11:55,511 INFO Load com.alibaba.nacos.core.ability.RemoteAbilityInitializer for ServerAbilityInitializer

2022-08-08 14:11:55,511 INFO Load com.alibaba.nacos.naming.ability.NamingAbilityInitializer for ServerAbilityInitializer

2022-08-08 14:11:55,515 INFO The cluster resource is initialized

2022-08-08 14:11:55,551 INFO Get Distro config from env, DistroConfig{syncDelayMillis=1000, syncTimeoutMillis=3000, syncRetryDelayMillis=3000, verifyIntervalMillis=5000, verifyTimeoutMillis=3000, loadDataRetryDelayMillis=30000}

2022-08-08 14:11:56,448 INFO HikariPool-1 - Starting...

2022-08-08 14:11:56,451 WARN Registered driver with driverClassName=org.apache.derby.jdbc.EmbeddedDriver was not found, trying direct instantiation.

2022-08-08 14:11:56,763 INFO HikariPool-1 - Driver does not support get/set network timeout for connections. (Feature not implemented: No details.)

2022-08-08 14:11:56,767 INFO HikariPool-1 - Start completed.

2022-08-08 14:12:01,538 INFO Initializing ExecutorService 'applicationTaskExecutor'

2022-08-08 14:12:01,713 INFO Adding welcome page: class path resource [static/index.html]

2022-08-08 14:12:02,082 INFO Creating filter chain: Ant [pattern='/**'], []

2022-08-08 14:12:02,116 INFO Creating filter chain: any request, [org.springframework.security.web.context.request.async.WebAsyncManagerIntegrationFilter@548d5ed3, org.springframework.security.web.context.SecurityContextPersistenceFilter@74db12c2, org.springframework.security.web.header.HeaderWriterFilter@4b1a43d8, org.springframework.security.web.csrf.CsrfFilter@47447ccf, org.springframework.security.web.authentication.logout.LogoutFilter@38b5f25, org.springframework.security.web.savedrequest.RequestCacheAwareFilter@7ea899a9, org.springframework.security.web.servletapi.SecurityContextHolderAwareRequestFilter@2e3f79a2, org.springframework.security.web.authentication.AnonymousAuthenticationFilter@21c7208d, org.springframework.security.web.session.SessionManagementFilter@73545b80, org.springframework.security.web.access.ExceptionTranslationFilter@45bb2aa1]

2022-08-08 14:12:02,231 INFO Initializing ExecutorService 'taskScheduler'

2022-08-08 14:12:02,257 INFO Exposing 2 endpoint(s) beneath base path '/actuator'

2022-08-08 14:12:02,371 INFO Tomcat started on port(s): 8848 (http) with context path '/nacos'

2022-08-08 14:12:02,376 INFO Started Nacos in 13.754 seconds (JVM running for 14.258)

2022-08-08 14:12:02,376 INFO Nacos started successfully in stand alone mode. use embedded storage

2022-08-08 14:12:12,589 INFO Initializing Spring DispatcherServlet 'dispatcherServlet'

2022-08-08 14:12:12,589 INFO Initializing Servlet 'dispatcherServlet'

2022-08-08 14:12:12,603 INFO Completed initialization in 13 ms

2022-08-08 14:12:12,667 INFO Get Push config from env, PushConfig{pushTaskDelay=500, pushTaskTimeout=5000, pushTaskRetryDelay=1000}

2022-08-08 14:12:17,406 INFO Get NamingClient config from env, ClientConfig{clientExpiredTime=180000}

2022-08-08 14:21:57,568 WARN clearConfigHistory start

2022-08-08 14:21:57,568 WARN clearConfigHistory, getBeforeStamp:2022-07-09 14:21:57.0, pageSize:1000

2022-08-08 14:21:57,599 INFO [capacityManagement] start correct usage

2022-08-08 14:21:57,610 INFO [capacityManagement] end correct usage, cost: 0.011s

2022-08-08 14:31:57,606 WARN clearConfigHistory start

2022-08-08 14:31:57,606 WARN clearConfigHistory, getBeforeStamp:2022-07-09 14:31:57.0, pageSize:1000

2022-08-08 14:31:57,622 INFO [capacityManagement] start correct usage

2022-08-08 14:31:57,622 INFO [capacityManagement] end correct usage, cost: 0.0s

2022-08-08 14:41:57,621 WARN clearConfigHistory start

2022-08-08 14:41:57,621 WARN clearConfigHistory, getBeforeStamp:2022-07-09 14:41:57.0, pageSize:1000

2022-08-08 14:41:57,636 INFO [capacityManagement] start correct usage

2022-08-08 14:41:57,637 INFO [capacityManagement] end correct usage, cost: 0.001s

2022-08-08 14:51:57,625 WARN clearConfigHistory start

2022-08-08 14:51:57,625 WARN clearConfigHistory, getBeforeStamp:2022-07-09 14:51:57.0, pageSize:1000

2022-08-08 14:51:57,641 INFO [capacityManagement] start correct usage

2022-08-08 14:51:57,641 INFO [capacityManagement] end correct usage, cost: 0.0s

2022-08-08 15:01:57,640 WARN clearConfigHistory start

2022-08-08 15:01:57,640 WARN clearConfigHistory, getBeforeStamp:2022-07-09 15:01:57.0, pageSize:1000

2022-08-08 15:01:57,656 INFO [capacityManagement] start correct usage

2022-08-08 15:01:57,656 INFO [capacityManagement] end correct usage, cost: 0.0s

2022-08-08 15:11:57,646 WARN clearConfigHistory start

2022-08-08 15:11:57,646 WARN clearConfigHistory, getBeforeStamp:2022-07-09 15:11:57.0, pageSize:1000

2022-08-08 15:11:57,662 INFO [capacityManagement] start correct usage

2022-08-08 15:11:57,662 INFO [capacityManagement] end correct usage, cost: 0.0s

