2022-08-08 12:33:35,074 INFO initializing Raft sub-system

2022-08-08 12:33:35,074 INFO Upgrade from 1X feature has closed, If you want open this feature, please set `nacos.core.support.upgrade.from.1x=true` in application.properties

2022-08-08 12:33:35,172 INFO add listener: com.alibaba.nacos.naming.domains.meta.

2022-08-08 12:33:37,007 INFO add listener: com.alibaba.nacos.naming.domains.meta.00-00---000-NACOS_SWITCH_DOMAIN-000---00-00

2022-08-08 12:33:40,072 WARN start to close old raft protocol!!!

2022-08-08 12:33:40,073 WARN stop old raft protocol task for notifier

2022-08-08 12:33:40,073 WARN stop old raft protocol task for master task

2022-08-08 12:34:32,758 INFO initializing Raft sub-system

2022-08-08 12:34:32,758 INFO Upgrade from 1X feature has closed, If you want open this feature, please set `nacos.core.support.upgrade.from.1x=true` in application.properties

2022-08-08 12:34:32,857 INFO add listener: com.alibaba.nacos.naming.domains.meta.

2022-08-08 12:34:34,444 INFO add listener: com.alibaba.nacos.naming.domains.meta.00-00---000-NACOS_SWITCH_DOMAIN-000---00-00

2022-08-08 12:34:37,765 WARN start to close old raft protocol!!!

2022-08-08 12:34:37,765 WARN stop old raft protocol task for notifier

2022-08-08 12:34:37,765 WARN stop old raft protocol task for master task

2022-08-08 12:38:44,434 INFO initializing Raft sub-system

2022-08-08 12:38:44,434 INFO Upgrade from 1X feature has closed, If you want open this feature, please set `nacos.core.support.upgrade.from.1x=true` in application.properties

2022-08-08 12:38:44,535 INFO add listener: com.alibaba.nacos.naming.domains.meta.

2022-08-08 12:38:46,297 INFO add listener: com.alibaba.nacos.naming.domains.meta.00-00---000-NACOS_SWITCH_DOMAIN-000---00-00

2022-08-08 12:38:49,430 WARN start to close old raft protocol!!!

2022-08-08 12:38:49,430 WARN stop old raft protocol task for notifier

2022-08-08 12:38:49,430 WARN stop old raft protocol task for master task

2022-08-08 12:50:44,458 INFO initializing Raft sub-system

2022-08-08 12:50:44,459 INFO Upgrade from 1X feature has closed, If you want open this feature, please set `nacos.core.support.upgrade.from.1x=true` in application.properties

2022-08-08 12:50:44,555 INFO add listener: com.alibaba.nacos.naming.domains.meta.

2022-08-08 12:50:46,057 INFO add listener: com.alibaba.nacos.naming.domains.meta.00-00---000-NACOS_SWITCH_DOMAIN-000---00-00

2022-08-08 12:50:49,455 WARN start to close old raft protocol!!!

2022-08-08 12:50:49,455 WARN stop old raft protocol task for notifier

2022-08-08 12:50:49,455 WARN stop old raft protocol task for master task

2022-08-08 12:51:59,103 INFO initializing Raft sub-system

2022-08-08 12:51:59,103 INFO Upgrade from 1X feature has closed, If you want open this feature, please set `nacos.core.support.upgrade.from.1x=true` in application.properties

2022-08-08 12:51:59,198 INFO add listener: com.alibaba.nacos.naming.domains.meta.

2022-08-08 12:52:00,689 INFO add listener: com.alibaba.nacos.naming.domains.meta.00-00---000-NACOS_SWITCH_DOMAIN-000---00-00

2022-08-08 12:52:04,110 WARN start to close old raft protocol!!!

2022-08-08 12:52:04,110 WARN stop old raft protocol task for notifier

2022-08-08 12:52:04,110 WARN stop old raft protocol task for master task

2022-08-08 13:30:45,497 INFO initializing Raft sub-system

2022-08-08 13:30:45,497 INFO Upgrade from 1X feature has closed, If you want open this feature, please set `nacos.core.support.upgrade.from.1x=true` in application.properties

2022-08-08 13:30:45,601 INFO add listener: com.alibaba.nacos.naming.domains.meta.

2022-08-08 13:30:47,362 INFO add listener: com.alibaba.nacos.naming.domains.meta.00-00---000-NACOS_SWITCH_DOMAIN-000---00-00

2022-08-08 13:30:50,509 WARN start to close old raft protocol!!!

2022-08-08 13:30:50,509 WARN stop old raft protocol task for notifier

2022-08-08 13:30:50,509 WARN stop old raft protocol task for master task

2022-08-08 13:55:18,597 INFO initializing Raft sub-system

2022-08-08 13:55:18,598 INFO Upgrade from 1X feature has closed, If you want open this feature, please set `nacos.core.support.upgrade.from.1x=true` in application.properties

2022-08-08 13:55:18,707 INFO add listener: com.alibaba.nacos.naming.domains.meta.

2022-08-08 13:55:20,388 INFO add listener: com.alibaba.nacos.naming.domains.meta.00-00---000-NACOS_SWITCH_DOMAIN-000---00-00

2022-08-08 13:55:23,599 WARN start to close old raft protocol!!!

2022-08-08 13:55:23,599 WARN stop old raft protocol task for notifier

2022-08-08 13:55:23,599 WARN stop old raft protocol task for master task

2022-08-08 14:11:55,569 INFO initializing Raft sub-system

2022-08-08 14:11:55,569 INFO Upgrade from 1X feature has closed, If you want open this feature, please set `nacos.core.support.upgrade.from.1x=true` in application.properties

2022-08-08 14:11:55,664 INFO add listener: com.alibaba.nacos.naming.domains.meta.

2022-08-08 14:11:57,299 INFO add listener: com.alibaba.nacos.naming.domains.meta.00-00---000-NACOS_SWITCH_DOMAIN-000---00-00

2022-08-08 14:12:00,578 WARN start to close old raft protocol!!!

2022-08-08 14:12:00,579 WARN stop old raft protocol task for notifier

2022-08-08 14:12:00,579 WARN stop old raft protocol task for master task

