2022-08-08 12:33:37,037 INFO [ClientConnectionEventListenerRegistry] registry listener - ConnectionBasedClientManager

2022-08-08 12:33:37,547 INFO Init loader limit rule from local,rule=

2022-08-08 12:33:37,606 INFO [ClientConnectionEventListenerRegistry] registry listener - ConfigConnectionEventListener

2022-08-08 12:33:37,635 INFO [ClientConnectionEventListenerRegistry] registry listener - RpcAckCallbackInitorOrCleaner

2022-08-08 12:33:38,003 INFO Nacos GrpcSdkServer Rpc server starting at port 9848

2022-08-08 12:33:39,301 INFO Nacos GrpcSdkServer Rpc server started at port 9848

2022-08-08 12:33:39,302 INFO Nacos GrpcClusterServer Rpc server starting at port 9849

2022-08-08 12:33:39,306 INFO Nacos GrpcClusterServer Rpc server started at port 9849

2022-08-08 12:34:17,714 INFO Nacos GrpcClusterServer Rpc server stopping

2022-08-08 12:34:17,714 INFO Nacos GrpcSdkServer Rpc server stopping

2022-08-08 12:34:17,721 INFO Nacos GrpcClusterServer Rpc server stopped successfully...

2022-08-08 12:34:17,722 INFO Nacos GrpcSdkServer Rpc server stopped successfully...

2022-08-08 12:34:34,476 INFO [ClientConnectionEventListenerRegistry] registry listener - ConnectionBasedClientManager

2022-08-08 12:34:34,710 INFO Init loader limit rule from local,rule=

2022-08-08 12:34:34,977 INFO [ClientConnectionEventListenerRegistry] registry listener - ConfigConnectionEventListener

2022-08-08 12:34:35,007 INFO [ClientConnectionEventListenerRegistry] registry listener - RpcAckCallbackInitorOrCleaner

2022-08-08 12:34:35,290 INFO Nacos GrpcSdkServer Rpc server starting at port 9848

2022-08-08 12:34:36,632 INFO Nacos GrpcSdkServer Rpc server started at port 9848

2022-08-08 12:34:36,634 INFO Nacos GrpcClusterServer Rpc server starting at port 9849

2022-08-08 12:34:36,636 INFO Nacos GrpcClusterServer Rpc server started at port 9849

2022-08-08 12:38:46,374 INFO [ClientConnectionEventListenerRegistry] registry listener - ConnectionBasedClientManager

2022-08-08 12:38:46,618 INFO Init loader limit rule from local,rule=

2022-08-08 12:38:46,883 INFO [ClientConnectionEventListenerRegistry] registry listener - ConfigConnectionEventListener

2022-08-08 12:38:46,909 INFO [ClientConnectionEventListenerRegistry] registry listener - RpcAckCallbackInitorOrCleaner

2022-08-08 12:38:47,194 INFO Nacos GrpcSdkServer Rpc server starting at port 9848

2022-08-08 12:38:48,638 INFO Nacos GrpcSdkServer Rpc server started at port 9848

2022-08-08 12:38:48,640 INFO Nacos GrpcClusterServer Rpc server starting at port 9849

2022-08-08 12:38:48,642 INFO Nacos GrpcClusterServer Rpc server started at port 9849

2022-08-08 12:50:46,103 INFO [ClientConnectionEventListenerRegistry] registry listener - ConnectionBasedClientManager

2022-08-08 12:50:46,318 INFO Init loader limit rule from local,rule=

2022-08-08 12:50:46,380 INFO [ClientConnectionEventListenerRegistry] registry listener - ConfigConnectionEventListener

2022-08-08 12:50:46,666 INFO [ClientConnectionEventListenerRegistry] registry listener - RpcAckCallbackInitorOrCleaner

2022-08-08 12:50:46,954 INFO Nacos GrpcSdkServer Rpc server starting at port 9848

2022-08-08 12:50:48,279 INFO Nacos GrpcSdkServer Rpc server started at port 9848

2022-08-08 12:50:48,281 INFO Nacos GrpcClusterServer Rpc server starting at port 9849

2022-08-08 12:50:48,284 INFO Nacos GrpcClusterServer Rpc server started at port 9849

2022-08-08 12:52:00,738 INFO [ClientConnectionEventListenerRegistry] registry listener - ConnectionBasedClientManager

2022-08-08 12:52:00,967 INFO Init loader limit rule from local,rule=

2022-08-08 12:52:01,225 INFO [ClientConnectionEventListenerRegistry] registry listener - ConfigConnectionEventListener

2022-08-08 12:52:01,247 INFO [ClientConnectionEventListenerRegistry] registry listener - RpcAckCallbackInitorOrCleaner

2022-08-08 12:52:01,524 INFO Nacos GrpcSdkServer Rpc server starting at port 9848

2022-08-08 12:52:02,882 INFO Nacos GrpcSdkServer Rpc server started at port 9848

2022-08-08 12:52:02,883 INFO Nacos GrpcClusterServer Rpc server starting at port 9849

2022-08-08 12:52:02,886 INFO Nacos GrpcClusterServer Rpc server started at port 9849

2022-08-08 13:30:47,427 INFO [ClientConnectionEventListenerRegistry] registry listener - ConnectionBasedClientManager

2022-08-08 13:30:47,707 INFO Init loader limit rule from local,rule=

2022-08-08 13:30:47,777 INFO [ClientConnectionEventListenerRegistry] registry listener - ConfigConnectionEventListener

2022-08-08 13:30:48,049 INFO [ClientConnectionEventListenerRegistry] registry listener - RpcAckCallbackInitorOrCleaner

2022-08-08 13:30:48,418 INFO Nacos GrpcSdkServer Rpc server starting at port 9848

2022-08-08 13:30:50,000 INFO Nacos GrpcSdkServer Rpc server started at port 9848

2022-08-08 13:30:50,002 INFO Nacos GrpcClusterServer Rpc server starting at port 9849

2022-08-08 13:30:50,005 INFO Nacos GrpcClusterServer Rpc server started at port 9849

2022-08-08 13:55:20,434 INFO [ClientConnectionEventListenerRegistry] registry listener - ConnectionBasedClientManager

2022-08-08 13:55:20,690 INFO Init loader limit rule from local,rule=

2022-08-08 13:55:20,953 INFO [ClientConnectionEventListenerRegistry] registry listener - ConfigConnectionEventListener

2022-08-08 13:55:20,987 INFO [ClientConnectionEventListenerRegistry] registry listener - RpcAckCallbackInitorOrCleaner

2022-08-08 13:55:21,311 INFO Nacos GrpcSdkServer Rpc server starting at port 9848

2022-08-08 13:55:22,681 INFO Nacos GrpcSdkServer Rpc server started at port 9848

2022-08-08 13:55:22,684 INFO Nacos GrpcClusterServer Rpc server starting at port 9849

2022-08-08 13:55:22,687 INFO Nacos GrpcClusterServer Rpc server started at port 9849

2022-08-08 14:11:57,346 INFO [ClientConnectionEventListenerRegistry] registry listener - ConnectionBasedClientManager

2022-08-08 14:11:57,672 INFO Init loader limit rule from local,rule=

2022-08-08 14:11:57,956 INFO [ClientConnectionEventListenerRegistry] registry listener - ConfigConnectionEventListener

2022-08-08 14:11:57,986 INFO [ClientConnectionEventListenerRegistry] registry listener - RpcAckCallbackInitorOrCleaner

2022-08-08 14:11:58,356 INFO Nacos GrpcSdkServer Rpc server starting at port 9848

2022-08-08 14:11:59,986 INFO Nacos GrpcSdkServer Rpc server started at port 9848

2022-08-08 14:11:59,988 INFO Nacos GrpcClusterServer Rpc server starting at port 9849

2022-08-08 14:11:59,992 INFO Nacos GrpcClusterServer Rpc server started at port 9849

