2022-08-08 12:33:37,601 INFO Register tps control,pointName=CONFIG_PUSH_COUNT, point=com.alibaba.nacos.core.remote.control.TpsMonitorPoint@476ec9d0 

2022-08-08 12:33:37,602 INFO Load rule from local,pointName=CONFIG_PUSH_COUNT, ruleContent= 

2022-08-08 12:33:37,602 INFO Apply tps control rule parse start,pointName=[CONFIG_PUSH_COUNT]  

2022-08-08 12:33:37,602 INFO Clear point  control rule ,pointName=[CONFIG_PUSH_COUNT]  

2022-08-08 12:33:37,602 INFO Clear point  control rule for monitorKeys, pointName=[CONFIG_PUSH_COUNT]  

2022-08-08 12:33:37,602 INFO Register tps control,pointName=CONFIG_PUSH_SUCCESS, point=com.alibaba.nacos.core.remote.control.TpsMonitorPoint@325bb9a6 

2022-08-08 12:33:37,603 INFO Load rule from local,pointName=CONFIG_PUSH_SUCCESS, ruleContent= 

2022-08-08 12:33:37,603 INFO Apply tps control rule parse start,pointName=[CONFIG_PUSH_SUCCESS]  

2022-08-08 12:33:37,603 INFO Clear point  control rule ,pointName=[CONFIG_PUSH_SUCCESS]  

2022-08-08 12:33:37,603 INFO Clear point  control rule for monitorKeys, pointName=[CONFIG_PUSH_SUCCESS]  

2022-08-08 12:33:37,603 INFO Register tps control,pointName=CONFIG_PUSH_FAIL, point=com.alibaba.nacos.core.remote.control.TpsMonitorPoint@1d12b024 

2022-08-08 12:33:37,603 INFO Load rule from local,pointName=CONFIG_PUSH_COUNT, ruleContent= 

2022-08-08 12:33:37,603 INFO Apply tps control rule parse start,pointName=[CONFIG_PUSH_COUNT]  

2022-08-08 12:33:37,603 INFO Clear point  control rule ,pointName=[CONFIG_PUSH_COUNT]  

2022-08-08 12:33:37,603 INFO Clear point  control rule for monitorKeys, pointName=[CONFIG_PUSH_COUNT]  

2022-08-08 12:33:37,604 INFO Load rule from local,pointName=CONFIG_PUSH_FAIL, ruleContent= 

2022-08-08 12:33:37,604 INFO Apply tps control rule parse start,pointName=[CONFIG_PUSH_FAIL]  

2022-08-08 12:33:37,604 INFO Clear point  control rule ,pointName=[CONFIG_PUSH_FAIL]  

2022-08-08 12:33:37,604 INFO Clear point  control rule for monitorKeys, pointName=[CONFIG_PUSH_FAIL]  

2022-08-08 12:33:37,604 INFO Load rule from local,pointName=CONFIG_PUSH_SUCCESS, ruleContent= 

2022-08-08 12:33:37,604 INFO Apply tps control rule parse start,pointName=[CONFIG_PUSH_SUCCESS]  

2022-08-08 12:33:37,604 INFO Clear point  control rule ,pointName=[CONFIG_PUSH_SUCCESS]  

2022-08-08 12:33:37,604 INFO Clear point  control rule for monitorKeys, pointName=[CONFIG_PUSH_SUCCESS]  

2022-08-08 12:33:37,604 INFO Load rule from local,pointName=CONFIG_PUSH_FAIL, ruleContent= 

2022-08-08 12:33:37,604 INFO Apply tps control rule parse start,pointName=[CONFIG_PUSH_FAIL]  

2022-08-08 12:33:37,604 INFO Clear point  control rule ,pointName=[CONFIG_PUSH_FAIL]  

2022-08-08 12:33:37,605 INFO Clear point  control rule for monitorKeys, pointName=[CONFIG_PUSH_FAIL]  

2022-08-08 12:33:41,213 INFO Register tps control,pointName=ConfigQuery, point=com.alibaba.nacos.core.remote.control.TpsMonitorPoint@46731692 

2022-08-08 12:33:41,214 INFO Load rule from local,pointName=ConfigQuery, ruleContent= 

2022-08-08 12:33:41,214 INFO Apply tps control rule parse start,pointName=[ConfigQuery]  

2022-08-08 12:33:41,214 INFO Clear point  control rule ,pointName=[ConfigQuery]  

2022-08-08 12:33:41,214 INFO Clear point  control rule for monitorKeys, pointName=[ConfigQuery]  

2022-08-08 12:33:41,214 INFO Register tps control,pointName=ClusterConfigChangeNotify, point=com.alibaba.nacos.core.remote.control.TpsMonitorPoint@782bf610 

2022-08-08 12:33:41,215 INFO Load rule from local,pointName=ClusterConfigChangeNotify, ruleContent= 

2022-08-08 12:33:41,215 INFO Apply tps control rule parse start,pointName=[ClusterConfigChangeNotify]  

2022-08-08 12:33:41,215 INFO Clear point  control rule ,pointName=[ClusterConfigChangeNotify]  

2022-08-08 12:33:41,215 INFO Clear point  control rule for monitorKeys, pointName=[ClusterConfigChangeNotify]  

2022-08-08 12:33:41,215 INFO Register tps control,pointName=ConfigListen, point=com.alibaba.nacos.core.remote.control.TpsMonitorPoint@3db663d0 

2022-08-08 12:33:41,216 INFO Load rule from local,pointName=ConfigListen, ruleContent= 

2022-08-08 12:33:41,216 INFO Apply tps control rule parse start,pointName=[ConfigListen]  

2022-08-08 12:33:41,216 INFO Clear point  control rule ,pointName=[ConfigListen]  

2022-08-08 12:33:41,217 INFO Clear point  control rule for monitorKeys, pointName=[ConfigListen]  

2022-08-08 12:33:41,217 INFO Register tps control,pointName=ConfigRemove, point=com.alibaba.nacos.core.remote.control.TpsMonitorPoint@73fc518f 

2022-08-08 12:33:41,218 INFO Load rule from local,pointName=ConfigRemove, ruleContent= 

2022-08-08 12:33:41,218 INFO Apply tps control rule parse start,pointName=[ConfigRemove]  

2022-08-08 12:33:41,218 INFO Clear point  control rule ,pointName=[ConfigRemove]  

2022-08-08 12:33:41,218 INFO Clear point  control rule for monitorKeys, pointName=[ConfigRemove]  

2022-08-08 12:33:41,218 INFO Register tps control,pointName=ConfigPublish, point=com.alibaba.nacos.core.remote.control.TpsMonitorPoint@2de50ee4 

2022-08-08 12:33:41,219 INFO Load rule from local,pointName=ConfigPublish, ruleContent= 

2022-08-08 12:33:41,219 INFO Apply tps control rule parse start,pointName=[ConfigPublish]  

2022-08-08 12:33:41,219 INFO Clear point  control rule ,pointName=[ConfigPublish]  

2022-08-08 12:33:41,219 INFO Clear point  control rule for monitorKeys, pointName=[ConfigPublish]  

2022-08-08 12:33:41,219 INFO Register tps control,pointName=HealthCheck, point=com.alibaba.nacos.core.remote.control.TpsMonitorPoint@ad9e63e 

2022-08-08 12:33:41,220 INFO Load rule from local,pointName=HealthCheck, ruleContent= 

2022-08-08 12:33:41,220 INFO Apply tps control rule parse start,pointName=[HealthCheck]  

2022-08-08 12:33:41,220 INFO Clear point  control rule ,pointName=[HealthCheck]  

2022-08-08 12:33:41,220 INFO Clear point  control rule for monitorKeys, pointName=[HealthCheck]  

2022-08-08 12:34:34,974 INFO Register tps control,pointName=CONFIG_PUSH_COUNT, point=com.alibaba.nacos.core.remote.control.TpsMonitorPoint@3adbe50f 

2022-08-08 12:34:34,975 INFO Load rule from local,pointName=CONFIG_PUSH_COUNT, ruleContent= 

2022-08-08 12:34:34,975 INFO Apply tps control rule parse start,pointName=[CONFIG_PUSH_COUNT]  

2022-08-08 12:34:34,975 INFO Clear point  control rule ,pointName=[CONFIG_PUSH_COUNT]  

2022-08-08 12:34:34,975 INFO Clear point  control rule for monitorKeys, pointName=[CONFIG_PUSH_COUNT]  

2022-08-08 12:34:34,975 INFO Register tps control,pointName=CONFIG_PUSH_SUCCESS, point=com.alibaba.nacos.core.remote.control.TpsMonitorPoint@3a627c80 

2022-08-08 12:34:34,975 INFO Load rule from local,pointName=CONFIG_PUSH_SUCCESS, ruleContent= 

2022-08-08 12:34:34,975 INFO Apply tps control rule parse start,pointName=[CONFIG_PUSH_SUCCESS]  

2022-08-08 12:34:34,975 INFO Clear point  control rule ,pointName=[CONFIG_PUSH_SUCCESS]  

2022-08-08 12:34:34,975 INFO Clear point  control rule for monitorKeys, pointName=[CONFIG_PUSH_SUCCESS]  

2022-08-08 12:34:34,975 INFO Register tps control,pointName=CONFIG_PUSH_FAIL, point=com.alibaba.nacos.core.remote.control.TpsMonitorPoint@49aa766b 

2022-08-08 12:34:34,975 INFO Load rule from local,pointName=CONFIG_PUSH_FAIL, ruleContent= 

2022-08-08 12:34:34,975 INFO Apply tps control rule parse start,pointName=[CONFIG_PUSH_FAIL]  

2022-08-08 12:34:34,975 INFO Clear point  control rule ,pointName=[CONFIG_PUSH_FAIL]  

2022-08-08 12:34:34,975 INFO Clear point  control rule for monitorKeys, pointName=[CONFIG_PUSH_FAIL]  

2022-08-08 12:34:38,720 INFO Register tps control,pointName=ConfigQuery, point=com.alibaba.nacos.core.remote.control.TpsMonitorPoint@73437222 

2022-08-08 12:34:38,720 INFO Load rule from local,pointName=ConfigQuery, ruleContent= 

2022-08-08 12:34:38,720 INFO Apply tps control rule parse start,pointName=[ConfigQuery]  

2022-08-08 12:34:38,720 INFO Clear point  control rule ,pointName=[ConfigQuery]  

2022-08-08 12:34:38,720 INFO Clear point  control rule for monitorKeys, pointName=[ConfigQuery]  

2022-08-08 12:34:38,720 INFO Register tps control,pointName=ClusterConfigChangeNotify, point=com.alibaba.nacos.core.remote.control.TpsMonitorPoint@ca93621 

2022-08-08 12:34:38,720 INFO Load rule from local,pointName=ClusterConfigChangeNotify, ruleContent= 

2022-08-08 12:34:38,720 INFO Apply tps control rule parse start,pointName=[ClusterConfigChangeNotify]  

2022-08-08 12:34:38,720 INFO Clear point  control rule ,pointName=[ClusterConfigChangeNotify]  

2022-08-08 12:34:38,720 INFO Clear point  control rule for monitorKeys, pointName=[ClusterConfigChangeNotify]  

2022-08-08 12:34:38,721 INFO Register tps control,pointName=ConfigListen, point=com.alibaba.nacos.core.remote.control.TpsMonitorPoint@6a48a7f3 

2022-08-08 12:34:38,721 INFO Load rule from local,pointName=ConfigListen, ruleContent= 

2022-08-08 12:34:38,721 INFO Apply tps control rule parse start,pointName=[ConfigListen]  

2022-08-08 12:34:38,721 INFO Clear point  control rule ,pointName=[ConfigListen]  

2022-08-08 12:34:38,721 INFO Clear point  control rule for monitorKeys, pointName=[ConfigListen]  

2022-08-08 12:34:38,721 INFO Register tps control,pointName=ConfigRemove, point=com.alibaba.nacos.core.remote.control.TpsMonitorPoint@3f985a86 

2022-08-08 12:34:38,721 INFO Load rule from local,pointName=ConfigRemove, ruleContent= 

2022-08-08 12:34:38,721 INFO Apply tps control rule parse start,pointName=[ConfigRemove]  

2022-08-08 12:34:38,721 INFO Clear point  control rule ,pointName=[ConfigRemove]  

2022-08-08 12:34:38,721 INFO Clear point  control rule for monitorKeys, pointName=[ConfigRemove]  

2022-08-08 12:34:38,721 INFO Register tps control,pointName=ConfigPublish, point=com.alibaba.nacos.core.remote.control.TpsMonitorPoint@57a2ed35 

2022-08-08 12:34:38,721 INFO Load rule from local,pointName=ConfigPublish, ruleContent= 

2022-08-08 12:34:38,721 INFO Apply tps control rule parse start,pointName=[ConfigPublish]  

2022-08-08 12:34:38,721 INFO Clear point  control rule ,pointName=[ConfigPublish]  

2022-08-08 12:34:38,721 INFO Clear point  control rule for monitorKeys, pointName=[ConfigPublish]  

2022-08-08 12:34:38,721 INFO Register tps control,pointName=HealthCheck, point=com.alibaba.nacos.core.remote.control.TpsMonitorPoint@12ffd1de 

2022-08-08 12:34:38,721 INFO Load rule from local,pointName=HealthCheck, ruleContent= 

2022-08-08 12:34:38,721 INFO Apply tps control rule parse start,pointName=[HealthCheck]  

2022-08-08 12:34:38,721 INFO Clear point  control rule ,pointName=[HealthCheck]  

2022-08-08 12:34:38,722 INFO Clear point  control rule for monitorKeys, pointName=[HealthCheck]  

2022-08-08 12:38:46,880 INFO Register tps control,pointName=CONFIG_PUSH_COUNT, point=com.alibaba.nacos.core.remote.control.TpsMonitorPoint@4cafa9aa 

2022-08-08 12:38:46,881 INFO Load rule from local,pointName=CONFIG_PUSH_COUNT, ruleContent= 

2022-08-08 12:38:46,881 INFO Apply tps control rule parse start,pointName=[CONFIG_PUSH_COUNT]  

2022-08-08 12:38:46,881 INFO Clear point  control rule ,pointName=[CONFIG_PUSH_COUNT]  

2022-08-08 12:38:46,881 INFO Clear point  control rule for monitorKeys, pointName=[CONFIG_PUSH_COUNT]  

2022-08-08 12:38:46,881 INFO Register tps control,pointName=CONFIG_PUSH_SUCCESS, point=com.alibaba.nacos.core.remote.control.TpsMonitorPoint@562c877a 

2022-08-08 12:38:46,881 INFO Load rule from local,pointName=CONFIG_PUSH_SUCCESS, ruleContent= 

2022-08-08 12:38:46,881 INFO Apply tps control rule parse start,pointName=[CONFIG_PUSH_SUCCESS]  

2022-08-08 12:38:46,881 INFO Clear point  control rule ,pointName=[CONFIG_PUSH_SUCCESS]  

2022-08-08 12:38:46,881 INFO Clear point  control rule for monitorKeys, pointName=[CONFIG_PUSH_SUCCESS]  

2022-08-08 12:38:46,881 INFO Register tps control,pointName=CONFIG_PUSH_FAIL, point=com.alibaba.nacos.core.remote.control.TpsMonitorPoint@67001148 

2022-08-08 12:38:46,881 INFO Load rule from local,pointName=CONFIG_PUSH_FAIL, ruleContent= 

2022-08-08 12:38:46,882 INFO Apply tps control rule parse start,pointName=[CONFIG_PUSH_FAIL]  

2022-08-08 12:38:46,882 INFO Clear point  control rule ,pointName=[CONFIG_PUSH_FAIL]  

2022-08-08 12:38:46,882 INFO Clear point  control rule for monitorKeys, pointName=[CONFIG_PUSH_FAIL]  

2022-08-08 12:38:50,534 INFO Register tps control,pointName=ConfigQuery, point=com.alibaba.nacos.core.remote.control.TpsMonitorPoint@3fbcfe81 

2022-08-08 12:38:50,534 INFO Load rule from local,pointName=ConfigQuery, ruleContent= 

2022-08-08 12:38:50,534 INFO Apply tps control rule parse start,pointName=[ConfigQuery]  

2022-08-08 12:38:50,534 INFO Clear point  control rule ,pointName=[ConfigQuery]  

2022-08-08 12:38:50,534 INFO Clear point  control rule for monitorKeys, pointName=[ConfigQuery]  

2022-08-08 12:38:50,534 INFO Register tps control,pointName=ClusterConfigChangeNotify, point=com.alibaba.nacos.core.remote.control.TpsMonitorPoint@7a1f45ed 

2022-08-08 12:38:50,534 INFO Load rule from local,pointName=ClusterConfigChangeNotify, ruleContent= 

2022-08-08 12:38:50,534 INFO Apply tps control rule parse start,pointName=[ClusterConfigChangeNotify]  

2022-08-08 12:38:50,534 INFO Clear point  control rule ,pointName=[ClusterConfigChangeNotify]  

2022-08-08 12:38:50,534 INFO Clear point  control rule for monitorKeys, pointName=[ClusterConfigChangeNotify]  

2022-08-08 12:38:50,535 INFO Register tps control,pointName=ConfigListen, point=com.alibaba.nacos.core.remote.control.TpsMonitorPoint@1744a475 

2022-08-08 12:38:50,535 INFO Load rule from local,pointName=ConfigListen, ruleContent= 

2022-08-08 12:38:50,535 INFO Apply tps control rule parse start,pointName=[ConfigListen]  

2022-08-08 12:38:50,535 INFO Clear point  control rule ,pointName=[ConfigListen]  

2022-08-08 12:38:50,535 INFO Clear point  control rule for monitorKeys, pointName=[ConfigListen]  

2022-08-08 12:38:50,535 INFO Register tps control,pointName=ConfigRemove, point=com.alibaba.nacos.core.remote.control.TpsMonitorPoint@444cc791 

2022-08-08 12:38:50,535 INFO Load rule from local,pointName=ConfigRemove, ruleContent= 

2022-08-08 12:38:50,535 INFO Apply tps control rule parse start,pointName=[ConfigRemove]  

2022-08-08 12:38:50,535 INFO Clear point  control rule ,pointName=[ConfigRemove]  

2022-08-08 12:38:50,535 INFO Clear point  control rule for monitorKeys, pointName=[ConfigRemove]  

2022-08-08 12:38:50,535 INFO Register tps control,pointName=ConfigPublish, point=com.alibaba.nacos.core.remote.control.TpsMonitorPoint@1c5c616f 

2022-08-08 12:38:50,535 INFO Load rule from local,pointName=ConfigPublish, ruleContent= 

2022-08-08 12:38:50,535 INFO Apply tps control rule parse start,pointName=[ConfigPublish]  

2022-08-08 12:38:50,535 INFO Clear point  control rule ,pointName=[ConfigPublish]  

2022-08-08 12:38:50,535 INFO Clear point  control rule for monitorKeys, pointName=[ConfigPublish]  

2022-08-08 12:38:50,535 INFO Register tps control,pointName=HealthCheck, point=com.alibaba.nacos.core.remote.control.TpsMonitorPoint@1c6c6f24 

2022-08-08 12:38:50,535 INFO Load rule from local,pointName=HealthCheck, ruleContent= 

2022-08-08 12:38:50,535 INFO Apply tps control rule parse start,pointName=[HealthCheck]  

2022-08-08 12:38:50,535 INFO Clear point  control rule ,pointName=[HealthCheck]  

2022-08-08 12:38:50,535 INFO Clear point  control rule for monitorKeys, pointName=[HealthCheck]  

2022-08-08 12:50:46,377 INFO Register tps control,pointName=CONFIG_PUSH_COUNT, point=com.alibaba.nacos.core.remote.control.TpsMonitorPoint@20ed3303 

2022-08-08 12:50:46,378 INFO Load rule from local,pointName=CONFIG_PUSH_COUNT, ruleContent= 

2022-08-08 12:50:46,378 INFO Apply tps control rule parse start,pointName=[CONFIG_PUSH_COUNT]  

2022-08-08 12:50:46,378 INFO Clear point  control rule ,pointName=[CONFIG_PUSH_COUNT]  

2022-08-08 12:50:46,378 INFO Clear point  control rule for monitorKeys, pointName=[CONFIG_PUSH_COUNT]  

2022-08-08 12:50:46,378 INFO Register tps control,pointName=CONFIG_PUSH_SUCCESS, point=com.alibaba.nacos.core.remote.control.TpsMonitorPoint@3adbe50f 

2022-08-08 12:50:46,378 INFO Load rule from local,pointName=CONFIG_PUSH_SUCCESS, ruleContent= 

2022-08-08 12:50:46,378 INFO Apply tps control rule parse start,pointName=[CONFIG_PUSH_SUCCESS]  

2022-08-08 12:50:46,378 INFO Clear point  control rule ,pointName=[CONFIG_PUSH_SUCCESS]  

2022-08-08 12:50:46,378 INFO Clear point  control rule for monitorKeys, pointName=[CONFIG_PUSH_SUCCESS]  

2022-08-08 12:50:46,378 INFO Register tps control,pointName=CONFIG_PUSH_FAIL, point=com.alibaba.nacos.core.remote.control.TpsMonitorPoint@3a627c80 

2022-08-08 12:50:46,379 INFO Load rule from local,pointName=CONFIG_PUSH_FAIL, ruleContent= 

2022-08-08 12:50:46,379 INFO Apply tps control rule parse start,pointName=[CONFIG_PUSH_FAIL]  

2022-08-08 12:50:46,379 INFO Clear point  control rule ,pointName=[CONFIG_PUSH_FAIL]  

2022-08-08 12:50:46,379 INFO Clear point  control rule for monitorKeys, pointName=[CONFIG_PUSH_FAIL]  

2022-08-08 12:50:50,338 INFO Register tps control,pointName=ConfigQuery, point=com.alibaba.nacos.core.remote.control.TpsMonitorPoint@71d8cfe7 

2022-08-08 12:50:50,338 INFO Load rule from local,pointName=ConfigQuery, ruleContent= 

2022-08-08 12:50:50,338 INFO Apply tps control rule parse start,pointName=[ConfigQuery]  

2022-08-08 12:50:50,339 INFO Clear point  control rule ,pointName=[ConfigQuery]  

2022-08-08 12:50:50,339 INFO Clear point  control rule for monitorKeys, pointName=[ConfigQuery]  

2022-08-08 12:50:50,339 INFO Register tps control,pointName=ClusterConfigChangeNotify, point=com.alibaba.nacos.core.remote.control.TpsMonitorPoint@1e530163 

2022-08-08 12:50:50,339 INFO Load rule from local,pointName=ClusterConfigChangeNotify, ruleContent= 

2022-08-08 12:50:50,339 INFO Apply tps control rule parse start,pointName=[ClusterConfigChangeNotify]  

2022-08-08 12:50:50,339 INFO Clear point  control rule ,pointName=[ClusterConfigChangeNotify]  

2022-08-08 12:50:50,339 INFO Clear point  control rule for monitorKeys, pointName=[ClusterConfigChangeNotify]  

2022-08-08 12:50:50,339 INFO Register tps control,pointName=ConfigListen, point=com.alibaba.nacos.core.remote.control.TpsMonitorPoint@14d8444b 

2022-08-08 12:50:50,339 INFO Load rule from local,pointName=ConfigListen, ruleContent= 

2022-08-08 12:50:50,339 INFO Apply tps control rule parse start,pointName=[ConfigListen]  

2022-08-08 12:50:50,339 INFO Clear point  control rule ,pointName=[ConfigListen]  

2022-08-08 12:50:50,339 INFO Clear point  control rule for monitorKeys, pointName=[ConfigListen]  

2022-08-08 12:50:50,339 INFO Register tps control,pointName=ConfigRemove, point=com.alibaba.nacos.core.remote.control.TpsMonitorPoint@71466383 

2022-08-08 12:50:50,340 INFO Load rule from local,pointName=ConfigRemove, ruleContent= 

2022-08-08 12:50:50,340 INFO Apply tps control rule parse start,pointName=[ConfigRemove]  

2022-08-08 12:50:50,340 INFO Clear point  control rule ,pointName=[ConfigRemove]  

2022-08-08 12:50:50,340 INFO Clear point  control rule for monitorKeys, pointName=[ConfigRemove]  

2022-08-08 12:50:50,340 INFO Register tps control,pointName=ConfigPublish, point=com.alibaba.nacos.core.remote.control.TpsMonitorPoint@46d63dbb 

2022-08-08 12:50:50,340 INFO Load rule from local,pointName=ConfigPublish, ruleContent= 

2022-08-08 12:50:50,340 INFO Apply tps control rule parse start,pointName=[ConfigPublish]  

2022-08-08 12:50:50,340 INFO Clear point  control rule ,pointName=[ConfigPublish]  

2022-08-08 12:50:50,340 INFO Clear point  control rule for monitorKeys, pointName=[ConfigPublish]  

2022-08-08 12:50:50,340 INFO Register tps control,pointName=HealthCheck, point=com.alibaba.nacos.core.remote.control.TpsMonitorPoint@4088741b 

2022-08-08 12:50:50,340 INFO Load rule from local,pointName=HealthCheck, ruleContent= 

2022-08-08 12:50:50,340 INFO Apply tps control rule parse start,pointName=[HealthCheck]  

2022-08-08 12:50:50,340 INFO Clear point  control rule ,pointName=[HealthCheck]  

2022-08-08 12:50:50,340 INFO Clear point  control rule for monitorKeys, pointName=[HealthCheck]  

2022-08-08 12:52:01,223 INFO Register tps control,pointName=CONFIG_PUSH_COUNT, point=com.alibaba.nacos.core.remote.control.TpsMonitorPoint@64030b91 

2022-08-08 12:52:01,223 INFO Load rule from local,pointName=CONFIG_PUSH_COUNT, ruleContent= 

2022-08-08 12:52:01,223 INFO Apply tps control rule parse start,pointName=[CONFIG_PUSH_COUNT]  

2022-08-08 12:52:01,223 INFO Clear point  control rule ,pointName=[CONFIG_PUSH_COUNT]  

2022-08-08 12:52:01,223 INFO Clear point  control rule for monitorKeys, pointName=[CONFIG_PUSH_COUNT]  

2022-08-08 12:52:01,223 INFO Register tps control,pointName=CONFIG_PUSH_SUCCESS, point=com.alibaba.nacos.core.remote.control.TpsMonitorPoint@2032e725 

2022-08-08 12:52:01,224 INFO Load rule from local,pointName=CONFIG_PUSH_SUCCESS, ruleContent= 

2022-08-08 12:52:01,224 INFO Apply tps control rule parse start,pointName=[CONFIG_PUSH_SUCCESS]  

2022-08-08 12:52:01,224 INFO Clear point  control rule ,pointName=[CONFIG_PUSH_SUCCESS]  

2022-08-08 12:52:01,224 INFO Clear point  control rule for monitorKeys, pointName=[CONFIG_PUSH_SUCCESS]  

2022-08-08 12:52:01,224 INFO Register tps control,pointName=CONFIG_PUSH_FAIL, point=com.alibaba.nacos.core.remote.control.TpsMonitorPoint@4d23015c 

2022-08-08 12:52:01,224 INFO Load rule from local,pointName=CONFIG_PUSH_FAIL, ruleContent= 

2022-08-08 12:52:01,224 INFO Apply tps control rule parse start,pointName=[CONFIG_PUSH_FAIL]  

2022-08-08 12:52:01,224 INFO Clear point  control rule ,pointName=[CONFIG_PUSH_FAIL]  

2022-08-08 12:52:01,224 INFO Clear point  control rule for monitorKeys, pointName=[CONFIG_PUSH_FAIL]  

2022-08-08 12:52:04,862 INFO Register tps control,pointName=ConfigQuery, point=com.alibaba.nacos.core.remote.control.TpsMonitorPoint@7c2b58c0 

2022-08-08 12:52:04,862 INFO Load rule from local,pointName=ConfigQuery, ruleContent= 

2022-08-08 12:52:04,862 INFO Apply tps control rule parse start,pointName=[ConfigQuery]  

2022-08-08 12:52:04,862 INFO Clear point  control rule ,pointName=[ConfigQuery]  

2022-08-08 12:52:04,862 INFO Clear point  control rule for monitorKeys, pointName=[ConfigQuery]  

2022-08-08 12:52:04,863 INFO Register tps control,pointName=ClusterConfigChangeNotify, point=com.alibaba.nacos.core.remote.control.TpsMonitorPoint@11b377c5 

2022-08-08 12:52:04,863 INFO Load rule from local,pointName=ClusterConfigChangeNotify, ruleContent= 

2022-08-08 12:52:04,863 INFO Apply tps control rule parse start,pointName=[ClusterConfigChangeNotify]  

2022-08-08 12:52:04,863 INFO Clear point  control rule ,pointName=[ClusterConfigChangeNotify]  

2022-08-08 12:52:04,863 INFO Clear point  control rule for monitorKeys, pointName=[ClusterConfigChangeNotify]  

2022-08-08 12:52:04,863 INFO Register tps control,pointName=ConfigListen, point=com.alibaba.nacos.core.remote.control.TpsMonitorPoint@7bca6fac 

2022-08-08 12:52:04,863 INFO Load rule from local,pointName=ConfigListen, ruleContent= 

2022-08-08 12:52:04,864 INFO Apply tps control rule parse start,pointName=[ConfigListen]  

2022-08-08 12:52:04,864 INFO Clear point  control rule ,pointName=[ConfigListen]  

2022-08-08 12:52:04,864 INFO Clear point  control rule for monitorKeys, pointName=[ConfigListen]  

2022-08-08 12:52:04,864 INFO Register tps control,pointName=ConfigRemove, point=com.alibaba.nacos.core.remote.control.TpsMonitorPoint@5c60b0a0 

2022-08-08 12:52:04,864 INFO Load rule from local,pointName=ConfigRemove, ruleContent= 

2022-08-08 12:52:04,864 INFO Apply tps control rule parse start,pointName=[ConfigRemove]  

2022-08-08 12:52:04,864 INFO Clear point  control rule ,pointName=[ConfigRemove]  

2022-08-08 12:52:04,864 INFO Clear point  control rule for monitorKeys, pointName=[ConfigRemove]  

2022-08-08 12:52:04,864 INFO Register tps control,pointName=ConfigPublish, point=com.alibaba.nacos.core.remote.control.TpsMonitorPoint@7a2b1eb4 

2022-08-08 12:52:04,864 INFO Load rule from local,pointName=ConfigPublish, ruleContent= 

2022-08-08 12:52:04,864 INFO Apply tps control rule parse start,pointName=[ConfigPublish]  

2022-08-08 12:52:04,864 INFO Clear point  control rule ,pointName=[ConfigPublish]  

2022-08-08 12:52:04,864 INFO Clear point  control rule for monitorKeys, pointName=[ConfigPublish]  

2022-08-08 12:52:04,865 INFO Register tps control,pointName=HealthCheck, point=com.alibaba.nacos.core.remote.control.TpsMonitorPoint@702c436b 

2022-08-08 12:52:04,865 INFO Load rule from local,pointName=HealthCheck, ruleContent= 

2022-08-08 12:52:04,865 INFO Apply tps control rule parse start,pointName=[HealthCheck]  

2022-08-08 12:52:04,865 INFO Clear point  control rule ,pointName=[HealthCheck]  

2022-08-08 12:52:04,865 INFO Clear point  control rule for monitorKeys, pointName=[HealthCheck]  

2022-08-08 13:30:47,775 INFO Register tps control,pointName=CONFIG_PUSH_COUNT, point=com.alibaba.nacos.core.remote.control.TpsMonitorPoint@629f066f 

2022-08-08 13:30:47,775 INFO Load rule from local,pointName=CONFIG_PUSH_COUNT, ruleContent= 

2022-08-08 13:30:47,775 INFO Apply tps control rule parse start,pointName=[CONFIG_PUSH_COUNT]  

2022-08-08 13:30:47,775 INFO Clear point  control rule ,pointName=[CONFIG_PUSH_COUNT]  

2022-08-08 13:30:47,775 INFO Clear point  control rule for monitorKeys, pointName=[CONFIG_PUSH_COUNT]  

2022-08-08 13:30:47,775 INFO Register tps control,pointName=CONFIG_PUSH_SUCCESS, point=com.alibaba.nacos.core.remote.control.TpsMonitorPoint@1542af63 

2022-08-08 13:30:47,776 INFO Load rule from local,pointName=CONFIG_PUSH_SUCCESS, ruleContent= 

2022-08-08 13:30:47,776 INFO Apply tps control rule parse start,pointName=[CONFIG_PUSH_SUCCESS]  

2022-08-08 13:30:47,776 INFO Clear point  control rule ,pointName=[CONFIG_PUSH_SUCCESS]  

2022-08-08 13:30:47,776 INFO Clear point  control rule for monitorKeys, pointName=[CONFIG_PUSH_SUCCESS]  

2022-08-08 13:30:47,776 INFO Register tps control,pointName=CONFIG_PUSH_FAIL, point=com.alibaba.nacos.core.remote.control.TpsMonitorPoint@ecfbe91 

2022-08-08 13:30:47,776 INFO Load rule from local,pointName=CONFIG_PUSH_FAIL, ruleContent= 

2022-08-08 13:30:47,776 INFO Apply tps control rule parse start,pointName=[CONFIG_PUSH_FAIL]  

2022-08-08 13:30:47,776 INFO Clear point  control rule ,pointName=[CONFIG_PUSH_FAIL]  

2022-08-08 13:30:47,776 INFO Clear point  control rule for monitorKeys, pointName=[CONFIG_PUSH_FAIL]  

2022-08-08 13:30:53,186 INFO Register tps control,pointName=ConfigQuery, point=com.alibaba.nacos.core.remote.control.TpsMonitorPoint@4096aa05 

2022-08-08 13:30:53,186 INFO Load rule from local,pointName=ConfigQuery, ruleContent= 

2022-08-08 13:30:53,186 INFO Apply tps control rule parse start,pointName=[ConfigQuery]  

2022-08-08 13:30:53,186 INFO Clear point  control rule ,pointName=[ConfigQuery]  

2022-08-08 13:30:53,186 INFO Clear point  control rule for monitorKeys, pointName=[ConfigQuery]  

2022-08-08 13:30:53,186 INFO Register tps control,pointName=ClusterConfigChangeNotify, point=com.alibaba.nacos.core.remote.control.TpsMonitorPoint@9d3c67 

2022-08-08 13:30:53,186 INFO Load rule from local,pointName=ClusterConfigChangeNotify, ruleContent= 

2022-08-08 13:30:53,186 INFO Apply tps control rule parse start,pointName=[ClusterConfigChangeNotify]  

2022-08-08 13:30:53,186 INFO Clear point  control rule ,pointName=[ClusterConfigChangeNotify]  

2022-08-08 13:30:53,186 INFO Clear point  control rule for monitorKeys, pointName=[ClusterConfigChangeNotify]  

2022-08-08 13:30:53,186 INFO Register tps control,pointName=ConfigListen, point=com.alibaba.nacos.core.remote.control.TpsMonitorPoint@6c806c8b 

2022-08-08 13:30:53,187 INFO Load rule from local,pointName=ConfigListen, ruleContent= 

2022-08-08 13:30:53,187 INFO Apply tps control rule parse start,pointName=[ConfigListen]  

2022-08-08 13:30:53,187 INFO Clear point  control rule ,pointName=[ConfigListen]  

2022-08-08 13:30:53,187 INFO Clear point  control rule for monitorKeys, pointName=[ConfigListen]  

2022-08-08 13:30:53,187 INFO Register tps control,pointName=ConfigRemove, point=com.alibaba.nacos.core.remote.control.TpsMonitorPoint@6dfcffb5 

2022-08-08 13:30:53,187 INFO Load rule from local,pointName=ConfigRemove, ruleContent= 

2022-08-08 13:30:53,187 INFO Apply tps control rule parse start,pointName=[ConfigRemove]  

2022-08-08 13:30:53,187 INFO Clear point  control rule ,pointName=[ConfigRemove]  

2022-08-08 13:30:53,187 INFO Clear point  control rule for monitorKeys, pointName=[ConfigRemove]  

2022-08-08 13:30:53,187 INFO Register tps control,pointName=ConfigPublish, point=com.alibaba.nacos.core.remote.control.TpsMonitorPoint@184fb68d 

2022-08-08 13:30:53,187 INFO Load rule from local,pointName=ConfigPublish, ruleContent= 

2022-08-08 13:30:53,187 INFO Apply tps control rule parse start,pointName=[ConfigPublish]  

2022-08-08 13:30:53,187 INFO Clear point  control rule ,pointName=[ConfigPublish]  

2022-08-08 13:30:53,187 INFO Clear point  control rule for monitorKeys, pointName=[ConfigPublish]  

2022-08-08 13:30:53,187 INFO Register tps control,pointName=HealthCheck, point=com.alibaba.nacos.core.remote.control.TpsMonitorPoint@71d8cfe7 

2022-08-08 13:30:53,188 INFO Load rule from local,pointName=HealthCheck, ruleContent= 

2022-08-08 13:30:53,188 INFO Apply tps control rule parse start,pointName=[HealthCheck]  

2022-08-08 13:30:53,188 INFO Clear point  control rule ,pointName=[HealthCheck]  

2022-08-08 13:30:53,188 INFO Clear point  control rule for monitorKeys, pointName=[HealthCheck]  

2022-08-08 13:31:56,686 INFO Register tps control,pointName=NAMING_RPC_PUSH, point=com.alibaba.nacos.core.remote.control.TpsMonitorPoint@18afb984 

2022-08-08 13:31:56,686 INFO Load rule from local,pointName=NAMING_RPC_PUSH, ruleContent= 

2022-08-08 13:31:56,686 INFO Apply tps control rule parse start,pointName=[NAMING_RPC_PUSH]  

2022-08-08 13:31:56,686 INFO Clear point  control rule ,pointName=[NAMING_RPC_PUSH]  

2022-08-08 13:31:56,686 INFO Clear point  control rule for monitorKeys, pointName=[NAMING_RPC_PUSH]  

2022-08-08 13:31:56,687 INFO Register tps control,pointName=NAMING_RPC_PUSH_SUCCESS, point=com.alibaba.nacos.core.remote.control.TpsMonitorPoint@245d4717 

2022-08-08 13:31:56,687 INFO Load rule from local,pointName=NAMING_RPC_PUSH_SUCCESS, ruleContent= 

2022-08-08 13:31:56,687 INFO Apply tps control rule parse start,pointName=[NAMING_RPC_PUSH_SUCCESS]  

2022-08-08 13:31:56,687 INFO Clear point  control rule ,pointName=[NAMING_RPC_PUSH_SUCCESS]  

2022-08-08 13:31:56,687 INFO Clear point  control rule for monitorKeys, pointName=[NAMING_RPC_PUSH_SUCCESS]  

2022-08-08 13:31:56,687 INFO Register tps control,pointName=NAMING_RPC_PUSH_FAIL, point=com.alibaba.nacos.core.remote.control.TpsMonitorPoint@3c04d481 

2022-08-08 13:31:56,688 INFO Load rule from local,pointName=NAMING_RPC_PUSH_FAIL, ruleContent= 

2022-08-08 13:31:56,688 INFO Apply tps control rule parse start,pointName=[NAMING_RPC_PUSH_FAIL]  

2022-08-08 13:31:56,688 INFO Clear point  control rule ,pointName=[NAMING_RPC_PUSH_FAIL]  

2022-08-08 13:31:56,688 INFO Clear point  control rule for monitorKeys, pointName=[NAMING_RPC_PUSH_FAIL]  

2022-08-08 13:31:56,688 INFO Register tps control,pointName=NAMING_UDP_PUSH, point=com.alibaba.nacos.core.remote.control.TpsMonitorPoint@29bb9b62 

2022-08-08 13:31:56,688 INFO Load rule from local,pointName=NAMING_UDP_PUSH, ruleContent= 

2022-08-08 13:31:56,688 INFO Apply tps control rule parse start,pointName=[NAMING_UDP_PUSH]  

2022-08-08 13:31:56,688 INFO Clear point  control rule ,pointName=[NAMING_UDP_PUSH]  

2022-08-08 13:31:56,688 INFO Clear point  control rule for monitorKeys, pointName=[NAMING_UDP_PUSH]  

2022-08-08 13:31:56,688 INFO Register tps control,pointName=NAMING_UDP_PUSH_SUCCESS, point=com.alibaba.nacos.core.remote.control.TpsMonitorPoint@4cbd6448 

2022-08-08 13:31:56,689 INFO Load rule from local,pointName=NAMING_UDP_PUSH_SUCCESS, ruleContent= 

2022-08-08 13:31:56,689 INFO Apply tps control rule parse start,pointName=[NAMING_UDP_PUSH_SUCCESS]  

2022-08-08 13:31:56,689 INFO Clear point  control rule ,pointName=[NAMING_UDP_PUSH_SUCCESS]  

2022-08-08 13:31:56,689 INFO Clear point  control rule for monitorKeys, pointName=[NAMING_UDP_PUSH_SUCCESS]  

2022-08-08 13:31:56,689 INFO Register tps control,pointName=NAMING_UDP_PUSH_FAIL, point=com.alibaba.nacos.core.remote.control.TpsMonitorPoint@216f737 

2022-08-08 13:31:56,689 INFO Load rule from local,pointName=NAMING_RPC_PUSH, ruleContent= 

2022-08-08 13:31:56,689 INFO Apply tps control rule parse start,pointName=[NAMING_RPC_PUSH]  

2022-08-08 13:31:56,689 INFO Clear point  control rule ,pointName=[NAMING_RPC_PUSH]  

2022-08-08 13:31:56,689 INFO Clear point  control rule for monitorKeys, pointName=[NAMING_RPC_PUSH]  

2022-08-08 13:31:56,690 INFO Load rule from local,pointName=NAMING_UDP_PUSH_FAIL, ruleContent= 

2022-08-08 13:31:56,690 INFO Apply tps control rule parse start,pointName=[NAMING_UDP_PUSH_FAIL]  

2022-08-08 13:31:56,690 INFO Clear point  control rule ,pointName=[NAMING_UDP_PUSH_FAIL]  

2022-08-08 13:31:56,690 INFO Clear point  control rule for monitorKeys, pointName=[NAMING_UDP_PUSH_FAIL]  

2022-08-08 13:31:56,690 INFO Register tps control,pointName=NAMING_DISTRO_SYNC, point=com.alibaba.nacos.core.remote.control.TpsMonitorPoint@182c9b28 

2022-08-08 13:31:56,690 INFO Load rule from local,pointName=NAMING_RPC_PUSH_SUCCESS, ruleContent= 

2022-08-08 13:31:56,690 INFO Apply tps control rule parse start,pointName=[NAMING_RPC_PUSH_SUCCESS]  

2022-08-08 13:31:56,690 INFO Clear point  control rule ,pointName=[NAMING_RPC_PUSH_SUCCESS]  

2022-08-08 13:31:56,690 INFO Clear point  control rule for monitorKeys, pointName=[NAMING_RPC_PUSH_SUCCESS]  

2022-08-08 13:31:56,690 INFO Load rule from local,pointName=NAMING_DISTRO_SYNC, ruleContent= 

2022-08-08 13:31:56,690 INFO Apply tps control rule parse start,pointName=[NAMING_DISTRO_SYNC]  

2022-08-08 13:31:56,690 INFO Clear point  control rule ,pointName=[NAMING_DISTRO_SYNC]  

2022-08-08 13:31:56,690 INFO Clear point  control rule for monitorKeys, pointName=[NAMING_DISTRO_SYNC]  

2022-08-08 13:31:56,690 INFO Register tps control,pointName=NAMING_DISTRO_SYNC_SUCCESS, point=com.alibaba.nacos.core.remote.control.TpsMonitorPoint@6db973c4 

2022-08-08 13:31:56,691 INFO Load rule from local,pointName=NAMING_DISTRO_SYNC_SUCCESS, ruleContent= 

2022-08-08 13:31:56,691 INFO Apply tps control rule parse start,pointName=[NAMING_DISTRO_SYNC_SUCCESS]  

2022-08-08 13:31:56,691 INFO Clear point  control rule ,pointName=[NAMING_DISTRO_SYNC_SUCCESS]  

2022-08-08 13:31:56,691 INFO Clear point  control rule for monitorKeys, pointName=[NAMING_DISTRO_SYNC_SUCCESS]  

2022-08-08 13:31:56,691 INFO Register tps control,pointName=NAMING_DISTRO_SYNC_FAIL, point=com.alibaba.nacos.core.remote.control.TpsMonitorPoint@4a81d51f 

2022-08-08 13:31:56,691 INFO Load rule from local,pointName=NAMING_RPC_PUSH_FAIL, ruleContent= 

2022-08-08 13:31:56,691 INFO Apply tps control rule parse start,pointName=[NAMING_RPC_PUSH_FAIL]  

2022-08-08 13:31:56,691 INFO Clear point  control rule ,pointName=[NAMING_RPC_PUSH_FAIL]  

2022-08-08 13:31:56,691 INFO Clear point  control rule for monitorKeys, pointName=[NAMING_RPC_PUSH_FAIL]  

2022-08-08 13:31:56,691 INFO Load rule from local,pointName=NAMING_DISTRO_SYNC_FAIL, ruleContent= 

2022-08-08 13:31:56,691 INFO Apply tps control rule parse start,pointName=[NAMING_DISTRO_SYNC_FAIL]  

2022-08-08 13:31:56,691 INFO Clear point  control rule ,pointName=[NAMING_DISTRO_SYNC_FAIL]  

2022-08-08 13:31:56,691 INFO Clear point  control rule for monitorKeys, pointName=[NAMING_DISTRO_SYNC_FAIL]  

2022-08-08 13:31:56,691 INFO Register tps control,pointName=NAMING_DISTRO_VERIFY, point=com.alibaba.nacos.core.remote.control.TpsMonitorPoint@7f1b3c37 

2022-08-08 13:31:56,691 INFO Load rule from local,pointName=NAMING_UDP_PUSH, ruleContent= 

2022-08-08 13:31:56,691 INFO Apply tps control rule parse start,pointName=[NAMING_UDP_PUSH]  

2022-08-08 13:31:56,691 INFO Clear point  control rule ,pointName=[NAMING_UDP_PUSH]  

2022-08-08 13:31:56,691 INFO Clear point  control rule for monitorKeys, pointName=[NAMING_UDP_PUSH]  

2022-08-08 13:31:56,692 INFO Load rule from local,pointName=NAMING_DISTRO_VERIFY, ruleContent= 

2022-08-08 13:31:56,692 INFO Apply tps control rule parse start,pointName=[NAMING_DISTRO_VERIFY]  

2022-08-08 13:31:56,692 INFO Clear point  control rule ,pointName=[NAMING_DISTRO_VERIFY]  

2022-08-08 13:31:56,692 INFO Clear point  control rule for monitorKeys, pointName=[NAMING_DISTRO_VERIFY]  

2022-08-08 13:31:56,692 INFO Register tps control,pointName=NAMING_DISTRO_VERIFY_SUCCESS, point=com.alibaba.nacos.core.remote.control.TpsMonitorPoint@3921d27 

2022-08-08 13:31:56,693 INFO Load rule from local,pointName=NAMING_DISTRO_VERIFY_SUCCESS, ruleContent= 

2022-08-08 13:31:56,693 INFO Apply tps control rule parse start,pointName=[NAMING_DISTRO_VERIFY_SUCCESS]  

2022-08-08 13:31:56,693 INFO Clear point  control rule ,pointName=[NAMING_DISTRO_VERIFY_SUCCESS]  

2022-08-08 13:31:56,693 INFO Clear point  control rule for monitorKeys, pointName=[NAMING_DISTRO_VERIFY_SUCCESS]  

2022-08-08 13:31:56,693 INFO Register tps control,pointName=NAMING_DISTRO_VERIFY_FAIL, point=com.alibaba.nacos.core.remote.control.TpsMonitorPoint@259369c2 

2022-08-08 13:31:56,693 INFO Load rule from local,pointName=NAMING_UDP_PUSH_SUCCESS, ruleContent= 

2022-08-08 13:31:56,693 INFO Apply tps control rule parse start,pointName=[NAMING_UDP_PUSH_SUCCESS]  

2022-08-08 13:31:56,693 INFO Clear point  control rule ,pointName=[NAMING_UDP_PUSH_SUCCESS]  

2022-08-08 13:31:56,693 INFO Clear point  control rule for monitorKeys, pointName=[NAMING_UDP_PUSH_SUCCESS]  

2022-08-08 13:31:56,693 INFO Load rule from local,pointName=NAMING_DISTRO_VERIFY_FAIL, ruleContent= 

2022-08-08 13:31:56,693 INFO Apply tps control rule parse start,pointName=[NAMING_DISTRO_VERIFY_FAIL]  

2022-08-08 13:31:56,693 INFO Clear point  control rule ,pointName=[NAMING_DISTRO_VERIFY_FAIL]  

2022-08-08 13:31:56,693 INFO Clear point  control rule for monitorKeys, pointName=[NAMING_DISTRO_VERIFY_FAIL]  

2022-08-08 13:31:56,693 INFO Load rule from local,pointName=NAMING_UDP_PUSH_FAIL, ruleContent= 

2022-08-08 13:31:56,693 INFO Apply tps control rule parse start,pointName=[NAMING_UDP_PUSH_FAIL]  

2022-08-08 13:31:56,693 INFO Clear point  control rule ,pointName=[NAMING_UDP_PUSH_FAIL]  

2022-08-08 13:31:56,693 INFO Clear point  control rule for monitorKeys, pointName=[NAMING_UDP_PUSH_FAIL]  

2022-08-08 13:31:56,694 INFO Load rule from local,pointName=NAMING_DISTRO_SYNC, ruleContent= 

2022-08-08 13:31:56,694 INFO Apply tps control rule parse start,pointName=[NAMING_DISTRO_SYNC]  

2022-08-08 13:31:56,694 INFO Clear point  control rule ,pointName=[NAMING_DISTRO_SYNC]  

2022-08-08 13:31:56,694 INFO Clear point  control rule for monitorKeys, pointName=[NAMING_DISTRO_SYNC]  

2022-08-08 13:31:56,694 INFO Load rule from local,pointName=NAMING_DISTRO_SYNC_SUCCESS, ruleContent= 

2022-08-08 13:31:56,694 INFO Apply tps control rule parse start,pointName=[NAMING_DISTRO_SYNC_SUCCESS]  

2022-08-08 13:31:56,694 INFO Clear point  control rule ,pointName=[NAMING_DISTRO_SYNC_SUCCESS]  

2022-08-08 13:31:56,694 INFO Clear point  control rule for monitorKeys, pointName=[NAMING_DISTRO_SYNC_SUCCESS]  

2022-08-08 13:31:56,694 INFO Load rule from local,pointName=NAMING_DISTRO_SYNC_FAIL, ruleContent= 

2022-08-08 13:31:56,694 INFO Apply tps control rule parse start,pointName=[NAMING_DISTRO_SYNC_FAIL]  

2022-08-08 13:31:56,694 INFO Clear point  control rule ,pointName=[NAMING_DISTRO_SYNC_FAIL]  

2022-08-08 13:31:56,694 INFO Clear point  control rule for monitorKeys, pointName=[NAMING_DISTRO_SYNC_FAIL]  

2022-08-08 13:31:56,694 INFO Load rule from local,pointName=NAMING_DISTRO_VERIFY, ruleContent= 

2022-08-08 13:31:56,694 INFO Apply tps control rule parse start,pointName=[NAMING_DISTRO_VERIFY]  

2022-08-08 13:31:56,694 INFO Clear point  control rule ,pointName=[NAMING_DISTRO_VERIFY]  

2022-08-08 13:31:56,694 INFO Clear point  control rule for monitorKeys, pointName=[NAMING_DISTRO_VERIFY]  

2022-08-08 13:31:56,694 INFO Load rule from local,pointName=NAMING_DISTRO_VERIFY_SUCCESS, ruleContent= 

2022-08-08 13:31:56,694 INFO Apply tps control rule parse start,pointName=[NAMING_DISTRO_VERIFY_SUCCESS]  

2022-08-08 13:31:56,694 INFO Clear point  control rule ,pointName=[NAMING_DISTRO_VERIFY_SUCCESS]  

2022-08-08 13:31:56,694 INFO Clear point  control rule for monitorKeys, pointName=[NAMING_DISTRO_VERIFY_SUCCESS]  

2022-08-08 13:31:56,695 INFO Load rule from local,pointName=NAMING_DISTRO_VERIFY_FAIL, ruleContent= 

2022-08-08 13:31:56,695 INFO Apply tps control rule parse start,pointName=[NAMING_DISTRO_VERIFY_FAIL]  

2022-08-08 13:31:56,695 INFO Clear point  control rule ,pointName=[NAMING_DISTRO_VERIFY_FAIL]  

2022-08-08 13:31:56,695 INFO Clear point  control rule for monitorKeys, pointName=[NAMING_DISTRO_VERIFY_FAIL]  

2022-08-08 13:55:20,950 INFO Register tps control,pointName=CONFIG_PUSH_COUNT, point=com.alibaba.nacos.core.remote.control.TpsMonitorPoint@64030b91 

2022-08-08 13:55:20,951 INFO Load rule from local,pointName=CONFIG_PUSH_COUNT, ruleContent= 

2022-08-08 13:55:20,951 INFO Apply tps control rule parse start,pointName=[CONFIG_PUSH_COUNT]  

2022-08-08 13:55:20,951 INFO Clear point  control rule ,pointName=[CONFIG_PUSH_COUNT]  

2022-08-08 13:55:20,951 INFO Clear point  control rule for monitorKeys, pointName=[CONFIG_PUSH_COUNT]  

2022-08-08 13:55:20,951 INFO Register tps control,pointName=CONFIG_PUSH_SUCCESS, point=com.alibaba.nacos.core.remote.control.TpsMonitorPoint@2032e725 

2022-08-08 13:55:20,951 INFO Load rule from local,pointName=CONFIG_PUSH_SUCCESS, ruleContent= 

2022-08-08 13:55:20,951 INFO Apply tps control rule parse start,pointName=[CONFIG_PUSH_SUCCESS]  

2022-08-08 13:55:20,951 INFO Clear point  control rule ,pointName=[CONFIG_PUSH_SUCCESS]  

2022-08-08 13:55:20,951 INFO Clear point  control rule for monitorKeys, pointName=[CONFIG_PUSH_SUCCESS]  

2022-08-08 13:55:20,951 INFO Register tps control,pointName=CONFIG_PUSH_FAIL, point=com.alibaba.nacos.core.remote.control.TpsMonitorPoint@4d23015c 

2022-08-08 13:55:20,951 INFO Load rule from local,pointName=CONFIG_PUSH_FAIL, ruleContent= 

2022-08-08 13:55:20,951 INFO Apply tps control rule parse start,pointName=[CONFIG_PUSH_FAIL]  

2022-08-08 13:55:20,951 INFO Clear point  control rule ,pointName=[CONFIG_PUSH_FAIL]  

2022-08-08 13:55:20,951 INFO Clear point  control rule for monitorKeys, pointName=[CONFIG_PUSH_FAIL]  

2022-08-08 13:55:24,788 INFO Register tps control,pointName=ConfigQuery, point=com.alibaba.nacos.core.remote.control.TpsMonitorPoint@11b377c5 

2022-08-08 13:55:24,788 INFO Load rule from local,pointName=ConfigQuery, ruleContent= 

2022-08-08 13:55:24,788 INFO Apply tps control rule parse start,pointName=[ConfigQuery]  

2022-08-08 13:55:24,788 INFO Clear point  control rule ,pointName=[ConfigQuery]  

2022-08-08 13:55:24,788 INFO Clear point  control rule for monitorKeys, pointName=[ConfigQuery]  

2022-08-08 13:55:24,788 INFO Register tps control,pointName=ClusterConfigChangeNotify, point=com.alibaba.nacos.core.remote.control.TpsMonitorPoint@7bca6fac 

2022-08-08 13:55:24,788 INFO Load rule from local,pointName=ClusterConfigChangeNotify, ruleContent= 

2022-08-08 13:55:24,788 INFO Apply tps control rule parse start,pointName=[ClusterConfigChangeNotify]  

2022-08-08 13:55:24,788 INFO Clear point  control rule ,pointName=[ClusterConfigChangeNotify]  

2022-08-08 13:55:24,788 INFO Clear point  control rule for monitorKeys, pointName=[ClusterConfigChangeNotify]  

2022-08-08 13:55:24,788 INFO Register tps control,pointName=ConfigListen, point=com.alibaba.nacos.core.remote.control.TpsMonitorPoint@5c60b0a0 

2022-08-08 13:55:24,788 INFO Load rule from local,pointName=ConfigListen, ruleContent= 

2022-08-08 13:55:24,788 INFO Apply tps control rule parse start,pointName=[ConfigListen]  

2022-08-08 13:55:24,788 INFO Clear point  control rule ,pointName=[ConfigListen]  

2022-08-08 13:55:24,788 INFO Clear point  control rule for monitorKeys, pointName=[ConfigListen]  

2022-08-08 13:55:24,788 INFO Register tps control,pointName=ConfigRemove, point=com.alibaba.nacos.core.remote.control.TpsMonitorPoint@7a2b1eb4 

2022-08-08 13:55:24,788 INFO Load rule from local,pointName=ConfigRemove, ruleContent= 

2022-08-08 13:55:24,788 INFO Apply tps control rule parse start,pointName=[ConfigRemove]  

2022-08-08 13:55:24,788 INFO Clear point  control rule ,pointName=[ConfigRemove]  

2022-08-08 13:55:24,788 INFO Clear point  control rule for monitorKeys, pointName=[ConfigRemove]  

2022-08-08 13:55:24,789 INFO Register tps control,pointName=ConfigPublish, point=com.alibaba.nacos.core.remote.control.TpsMonitorPoint@702c436b 

2022-08-08 13:55:24,789 INFO Load rule from local,pointName=ConfigPublish, ruleContent= 

2022-08-08 13:55:24,789 INFO Apply tps control rule parse start,pointName=[ConfigPublish]  

2022-08-08 13:55:24,789 INFO Clear point  control rule ,pointName=[ConfigPublish]  

2022-08-08 13:55:24,789 INFO Clear point  control rule for monitorKeys, pointName=[ConfigPublish]  

2022-08-08 13:55:24,789 INFO Register tps control,pointName=HealthCheck, point=com.alibaba.nacos.core.remote.control.TpsMonitorPoint@5833f5cd 

2022-08-08 13:55:24,789 INFO Load rule from local,pointName=HealthCheck, ruleContent= 

2022-08-08 13:55:24,789 INFO Apply tps control rule parse start,pointName=[HealthCheck]  

2022-08-08 13:55:24,789 INFO Clear point  control rule ,pointName=[HealthCheck]  

2022-08-08 13:55:24,789 INFO Clear point  control rule for monitorKeys, pointName=[HealthCheck]  

2022-08-08 14:11:57,953 INFO Register tps control,pointName=CONFIG_PUSH_COUNT, point=com.alibaba.nacos.core.remote.control.TpsMonitorPoint@67dba613 

2022-08-08 14:11:57,954 INFO Load rule from local,pointName=CONFIG_PUSH_COUNT, ruleContent= 

2022-08-08 14:11:57,954 INFO Apply tps control rule parse start,pointName=[CONFIG_PUSH_COUNT]  

2022-08-08 14:11:57,954 INFO Clear point  control rule ,pointName=[CONFIG_PUSH_COUNT]  

2022-08-08 14:11:57,954 INFO Clear point  control rule for monitorKeys, pointName=[CONFIG_PUSH_COUNT]  

2022-08-08 14:11:57,954 INFO Register tps control,pointName=CONFIG_PUSH_SUCCESS, point=com.alibaba.nacos.core.remote.control.TpsMonitorPoint@57540fd0 

2022-08-08 14:11:57,954 INFO Load rule from local,pointName=CONFIG_PUSH_SUCCESS, ruleContent= 

2022-08-08 14:11:57,954 INFO Apply tps control rule parse start,pointName=[CONFIG_PUSH_SUCCESS]  

2022-08-08 14:11:57,954 INFO Clear point  control rule ,pointName=[CONFIG_PUSH_SUCCESS]  

2022-08-08 14:11:57,954 INFO Clear point  control rule for monitorKeys, pointName=[CONFIG_PUSH_SUCCESS]  

2022-08-08 14:11:57,954 INFO Register tps control,pointName=CONFIG_PUSH_FAIL, point=com.alibaba.nacos.core.remote.control.TpsMonitorPoint@5cf8edcf 

2022-08-08 14:11:57,954 INFO Load rule from local,pointName=CONFIG_PUSH_FAIL, ruleContent= 

2022-08-08 14:11:57,954 INFO Apply tps control rule parse start,pointName=[CONFIG_PUSH_FAIL]  

2022-08-08 14:11:57,954 INFO Clear point  control rule ,pointName=[CONFIG_PUSH_FAIL]  

2022-08-08 14:11:57,954 INFO Clear point  control rule for monitorKeys, pointName=[CONFIG_PUSH_FAIL]  

2022-08-08 14:12:02,327 INFO Register tps control,pointName=ConfigQuery, point=com.alibaba.nacos.core.remote.control.TpsMonitorPoint@7bca6fac 

2022-08-08 14:12:02,327 INFO Load rule from local,pointName=ConfigQuery, ruleContent= 

2022-08-08 14:12:02,327 INFO Apply tps control rule parse start,pointName=[ConfigQuery]  

2022-08-08 14:12:02,327 INFO Clear point  control rule ,pointName=[ConfigQuery]  

2022-08-08 14:12:02,327 INFO Clear point  control rule for monitorKeys, pointName=[ConfigQuery]  

2022-08-08 14:12:02,327 INFO Register tps control,pointName=ClusterConfigChangeNotify, point=com.alibaba.nacos.core.remote.control.TpsMonitorPoint@5c60b0a0 

2022-08-08 14:12:02,328 INFO Load rule from local,pointName=ClusterConfigChangeNotify, ruleContent= 

2022-08-08 14:12:02,328 INFO Apply tps control rule parse start,pointName=[ClusterConfigChangeNotify]  

2022-08-08 14:12:02,328 INFO Clear point  control rule ,pointName=[ClusterConfigChangeNotify]  

2022-08-08 14:12:02,328 INFO Clear point  control rule for monitorKeys, pointName=[ClusterConfigChangeNotify]  

2022-08-08 14:12:02,328 INFO Register tps control,pointName=ConfigListen, point=com.alibaba.nacos.core.remote.control.TpsMonitorPoint@7a2b1eb4 

2022-08-08 14:12:02,328 INFO Load rule from local,pointName=ConfigListen, ruleContent= 

2022-08-08 14:12:02,328 INFO Apply tps control rule parse start,pointName=[ConfigListen]  

2022-08-08 14:12:02,328 INFO Clear point  control rule ,pointName=[ConfigListen]  

2022-08-08 14:12:02,328 INFO Clear point  control rule for monitorKeys, pointName=[ConfigListen]  

2022-08-08 14:12:02,328 INFO Register tps control,pointName=ConfigRemove, point=com.alibaba.nacos.core.remote.control.TpsMonitorPoint@702c436b 

2022-08-08 14:12:02,328 INFO Load rule from local,pointName=ConfigRemove, ruleContent= 

2022-08-08 14:12:02,328 INFO Apply tps control rule parse start,pointName=[ConfigRemove]  

2022-08-08 14:12:02,328 INFO Clear point  control rule ,pointName=[ConfigRemove]  

2022-08-08 14:12:02,328 INFO Clear point  control rule for monitorKeys, pointName=[ConfigRemove]  

2022-08-08 14:12:02,328 INFO Register tps control,pointName=ConfigPublish, point=com.alibaba.nacos.core.remote.control.TpsMonitorPoint@5833f5cd 

2022-08-08 14:12:02,329 INFO Load rule from local,pointName=ConfigPublish, ruleContent= 

2022-08-08 14:12:02,329 INFO Apply tps control rule parse start,pointName=[ConfigPublish]  

2022-08-08 14:12:02,329 INFO Clear point  control rule ,pointName=[ConfigPublish]  

2022-08-08 14:12:02,329 INFO Clear point  control rule for monitorKeys, pointName=[ConfigPublish]  

2022-08-08 14:12:02,329 INFO Register tps control,pointName=HealthCheck, point=com.alibaba.nacos.core.remote.control.TpsMonitorPoint@10fbbdb 

2022-08-08 14:12:02,329 INFO Load rule from local,pointName=HealthCheck, ruleContent= 

2022-08-08 14:12:02,329 INFO Apply tps control rule parse start,pointName=[HealthCheck]  

2022-08-08 14:12:02,329 INFO Clear point  control rule ,pointName=[HealthCheck]  

2022-08-08 14:12:02,329 INFO Clear point  control rule for monitorKeys, pointName=[HealthCheck]  

2022-08-08 14:12:13,284 INFO Register tps control,pointName=NAMING_RPC_PUSH, point=com.alibaba.nacos.core.remote.control.TpsMonitorPoint@23f542 

2022-08-08 14:12:13,284 INFO Load rule from local,pointName=NAMING_RPC_PUSH, ruleContent= 

2022-08-08 14:12:13,284 INFO Apply tps control rule parse start,pointName=[NAMING_RPC_PUSH]  

2022-08-08 14:12:13,284 INFO Clear point  control rule ,pointName=[NAMING_RPC_PUSH]  

2022-08-08 14:12:13,284 INFO Clear point  control rule for monitorKeys, pointName=[NAMING_RPC_PUSH]  

2022-08-08 14:12:13,284 INFO Register tps control,pointName=NAMING_RPC_PUSH_SUCCESS, point=com.alibaba.nacos.core.remote.control.TpsMonitorPoint@543eabf1 

2022-08-08 14:12:13,285 INFO Load rule from local,pointName=NAMING_RPC_PUSH_SUCCESS, ruleContent= 

2022-08-08 14:12:13,285 INFO Apply tps control rule parse start,pointName=[NAMING_RPC_PUSH_SUCCESS]  

2022-08-08 14:12:13,285 INFO Clear point  control rule ,pointName=[NAMING_RPC_PUSH_SUCCESS]  

2022-08-08 14:12:13,285 INFO Clear point  control rule for monitorKeys, pointName=[NAMING_RPC_PUSH_SUCCESS]  

2022-08-08 14:12:13,285 INFO Register tps control,pointName=NAMING_RPC_PUSH_FAIL, point=com.alibaba.nacos.core.remote.control.TpsMonitorPoint@648dcd8 

2022-08-08 14:12:13,285 INFO Load rule from local,pointName=NAMING_RPC_PUSH_FAIL, ruleContent= 

2022-08-08 14:12:13,285 INFO Apply tps control rule parse start,pointName=[NAMING_RPC_PUSH_FAIL]  

2022-08-08 14:12:13,285 INFO Clear point  control rule ,pointName=[NAMING_RPC_PUSH_FAIL]  

2022-08-08 14:12:13,285 INFO Clear point  control rule for monitorKeys, pointName=[NAMING_RPC_PUSH_FAIL]  

2022-08-08 14:12:13,285 INFO Register tps control,pointName=NAMING_UDP_PUSH, point=com.alibaba.nacos.core.remote.control.TpsMonitorPoint@3321efab 

2022-08-08 14:12:13,285 INFO Load rule from local,pointName=NAMING_UDP_PUSH, ruleContent= 

2022-08-08 14:12:13,285 INFO Apply tps control rule parse start,pointName=[NAMING_UDP_PUSH]  

2022-08-08 14:12:13,285 INFO Clear point  control rule ,pointName=[NAMING_UDP_PUSH]  

2022-08-08 14:12:13,285 INFO Clear point  control rule for monitorKeys, pointName=[NAMING_UDP_PUSH]  

2022-08-08 14:12:13,285 INFO Register tps control,pointName=NAMING_UDP_PUSH_SUCCESS, point=com.alibaba.nacos.core.remote.control.TpsMonitorPoint@2cb79568 

2022-08-08 14:12:13,285 INFO Load rule from local,pointName=NAMING_UDP_PUSH_SUCCESS, ruleContent= 

2022-08-08 14:12:13,285 INFO Apply tps control rule parse start,pointName=[NAMING_UDP_PUSH_SUCCESS]  

2022-08-08 14:12:13,285 INFO Clear point  control rule ,pointName=[NAMING_UDP_PUSH_SUCCESS]  

2022-08-08 14:12:13,285 INFO Clear point  control rule for monitorKeys, pointName=[NAMING_UDP_PUSH_SUCCESS]  

2022-08-08 14:12:13,285 INFO Register tps control,pointName=NAMING_UDP_PUSH_FAIL, point=com.alibaba.nacos.core.remote.control.TpsMonitorPoint@df7c22c 

2022-08-08 14:12:13,285 INFO Load rule from local,pointName=NAMING_UDP_PUSH_FAIL, ruleContent= 

2022-08-08 14:12:13,285 INFO Apply tps control rule parse start,pointName=[NAMING_UDP_PUSH_FAIL]  

2022-08-08 14:12:13,285 INFO Clear point  control rule ,pointName=[NAMING_UDP_PUSH_FAIL]  

2022-08-08 14:12:13,285 INFO Clear point  control rule for monitorKeys, pointName=[NAMING_UDP_PUSH_FAIL]  

2022-08-08 14:12:13,285 INFO Register tps control,pointName=NAMING_DISTRO_SYNC, point=com.alibaba.nacos.core.remote.control.TpsMonitorPoint@4d996156 

2022-08-08 14:12:13,285 INFO Load rule from local,pointName=NAMING_DISTRO_SYNC, ruleContent= 

2022-08-08 14:12:13,285 INFO Apply tps control rule parse start,pointName=[NAMING_DISTRO_SYNC]  

2022-08-08 14:12:13,285 INFO Clear point  control rule ,pointName=[NAMING_DISTRO_SYNC]  

2022-08-08 14:12:13,285 INFO Clear point  control rule for monitorKeys, pointName=[NAMING_DISTRO_SYNC]  

2022-08-08 14:12:13,285 INFO Register tps control,pointName=NAMING_DISTRO_SYNC_SUCCESS, point=com.alibaba.nacos.core.remote.control.TpsMonitorPoint@717983f9 

2022-08-08 14:12:13,286 INFO Load rule from local,pointName=NAMING_DISTRO_SYNC_SUCCESS, ruleContent= 

2022-08-08 14:12:13,286 INFO Apply tps control rule parse start,pointName=[NAMING_DISTRO_SYNC_SUCCESS]  

2022-08-08 14:12:13,286 INFO Clear point  control rule ,pointName=[NAMING_DISTRO_SYNC_SUCCESS]  

2022-08-08 14:12:13,286 INFO Clear point  control rule for monitorKeys, pointName=[NAMING_DISTRO_SYNC_SUCCESS]  

2022-08-08 14:12:13,286 INFO Register tps control,pointName=NAMING_DISTRO_SYNC_FAIL, point=com.alibaba.nacos.core.remote.control.TpsMonitorPoint@6175546b 

2022-08-08 14:12:13,286 INFO Load rule from local,pointName=NAMING_DISTRO_SYNC_FAIL, ruleContent= 

2022-08-08 14:12:13,286 INFO Apply tps control rule parse start,pointName=[NAMING_DISTRO_SYNC_FAIL]  

2022-08-08 14:12:13,286 INFO Clear point  control rule ,pointName=[NAMING_DISTRO_SYNC_FAIL]  

2022-08-08 14:12:13,286 INFO Clear point  control rule for monitorKeys, pointName=[NAMING_DISTRO_SYNC_FAIL]  

2022-08-08 14:12:13,286 INFO Register tps control,pointName=NAMING_DISTRO_VERIFY, point=com.alibaba.nacos.core.remote.control.TpsMonitorPoint@52a00ccb 

2022-08-08 14:12:13,286 INFO Load rule from local,pointName=NAMING_DISTRO_VERIFY, ruleContent= 

2022-08-08 14:12:13,286 INFO Apply tps control rule parse start,pointName=[NAMING_DISTRO_VERIFY]  

2022-08-08 14:12:13,286 INFO Clear point  control rule ,pointName=[NAMING_DISTRO_VERIFY]  

2022-08-08 14:12:13,286 INFO Clear point  control rule for monitorKeys, pointName=[NAMING_DISTRO_VERIFY]  

2022-08-08 14:12:13,286 INFO Register tps control,pointName=NAMING_DISTRO_VERIFY_SUCCESS, point=com.alibaba.nacos.core.remote.control.TpsMonitorPoint@54b55418 

2022-08-08 14:12:13,286 INFO Load rule from local,pointName=NAMING_DISTRO_VERIFY_SUCCESS, ruleContent= 

2022-08-08 14:12:13,286 INFO Apply tps control rule parse start,pointName=[NAMING_DISTRO_VERIFY_SUCCESS]  

2022-08-08 14:12:13,286 INFO Clear point  control rule ,pointName=[NAMING_DISTRO_VERIFY_SUCCESS]  

2022-08-08 14:12:13,286 INFO Clear point  control rule for monitorKeys, pointName=[NAMING_DISTRO_VERIFY_SUCCESS]  

2022-08-08 14:12:13,286 INFO Register tps control,pointName=NAMING_DISTRO_VERIFY_FAIL, point=com.alibaba.nacos.core.remote.control.TpsMonitorPoint@69ee733c 

2022-08-08 14:12:13,286 INFO Load rule from local,pointName=NAMING_DISTRO_VERIFY_FAIL, ruleContent= 

2022-08-08 14:12:13,286 INFO Apply tps control rule parse start,pointName=[NAMING_DISTRO_VERIFY_FAIL]  

2022-08-08 14:12:13,286 INFO Clear point  control rule ,pointName=[NAMING_DISTRO_VERIFY_FAIL]  

2022-08-08 14:12:13,286 INFO Clear point  control rule for monitorKeys, pointName=[NAMING_DISTRO_VERIFY_FAIL]  

